로거 초기화 완료. 로그 파일: logs/client.log [06월 17일 16:43] [INFO] [System]
init_ui 호출됨 [06월 17일 16:43] [INFO] [UI]
init_ui_manager 호출됨 [06월 17일 16:43] [INFO] [UI]
터미널 크기: COLS=102, LINES=28 [06월 17일 16:43] [INFO] [UI]
UI 매니저 초기화 완료 [06월 17일 16:43] [INFO] [UI]
UI 매니저 초기화 성공 [06월 17일 16:43] [INFO] [UI]
init_ssl_manager 진입 [06월 17일 16:43] [INFO] [SSL]
OpenSSL 초기화 시작 [06월 17일 16:43] [INFO] [SSL]
OpenSSL 초기화 완료 [06월 17일 16:43] [INFO] [SSL]
OpenSSL 버전 확인 [06월 17일 16:43] [INFO] [SSL]
OpenSSL 버전: OpenSSL 3.5.0 8 Apr 2025 [06월 17일 16:43] [INFO] [SSL]
OpenSSL 에러 큐 초기화 완료 [06월 17일 16:43] [INFO] [SSL]
클라이언트 SSL 컨텍스트 초기화 완료 [06월 17일 16:43] [INFO] [SSL]
성능 통계 초기화 완료 [06월 17일 16:43] [INFO] [Performance]
서버 연결 시도: 127.0.0.1:9000 [06월 17일 16:43] [INFO] [Client]
클라이언트 소켓 초기화 시작: 서버=127.0.0.1, 포트=9000 [06월 17일 16:43] [INFO] [Network]
클라이언트 소켓 초기화 완료 [06월 17일 16:43] [INFO] [Network]
SSL 핸드셰이크 시도 [06월 17일 16:43] [INFO] [Client]
SSL 핸드셰이크 시작 [06월 17일 16:43] [INFO] [Network]
SSL 핸드셰이크 후 상태: 1 [06월 17일 16:43] [INFO] [Network]
사용 중인 암호화 방식: TLS_AES_256_GCM_SHA384 [06월 17일 16:43] [INFO] [Network]
SSL 핸드셰이크 완료 [06월 17일 16:43] [INFO] [Network]
서버 연결 성공 [06월 17일 16:43] [INFO] [Client]
시그널 수신: 2 [06월 17일 16:43] [INFO] [Client]
자원 정리 시작 [06월 17일 16:43] [INFO] [Client]
로거 정리 중... [06월 17일 16:43] [INFO] [System]
로거 초기화 완료. 로그 파일: logs/client.log [06월 17일 16:45] [INFO] [System]
init_ui 호출됨 [06월 17일 16:45] [INFO] [UI]
init_ui_manager 호출됨 [06월 17일 16:45] [INFO] [UI]
터미널 크기: COLS=102, LINES=28 [06월 17일 16:45] [INFO] [UI]
UI 매니저 초기화 완료 [06월 17일 16:45] [INFO] [UI]
UI 매니저 초기화 성공 [06월 17일 16:45] [INFO] [UI]
init_ssl_manager 진입 [06월 17일 16:45] [INFO] [SSL]
OpenSSL 초기화 시작 [06월 17일 16:45] [INFO] [SSL]
OpenSSL 초기화 완료 [06월 17일 16:45] [INFO] [SSL]
OpenSSL 버전 확인 [06월 17일 16:45] [INFO] [SSL]
OpenSSL 버전: OpenSSL 3.5.0 8 Apr 2025 [06월 17일 16:45] [INFO] [SSL]
OpenSSL 에러 큐 초기화 완료 [06월 17일 16:45] [INFO] [SSL]
클라이언트 SSL 컨텍스트 초기화 완료 [06월 17일 16:45] [INFO] [SSL]
성능 통계 초기화 완료 [06월 17일 16:45] [INFO] [Performance]
서버 연결 시도: 127.0.0.1:9000 [06월 17일 16:45] [INFO] [Client]
클라이언트 소켓 초기화 시작: 서버=127.0.0.1, 포트=9000 [06월 17일 16:45] [INFO] [Network]
클라이언트 소켓 초기화 완료 [06월 17일 16:45] [INFO] [Network]
SSL 핸드셰이크 시도 [06월 17일 16:45] [INFO] [Client]
SSL 핸드셰이크 시작 [06월 17일 16:45] [INFO] [Network]
SSL 핸드셰이크 후 상태: 1 [06월 17일 16:45] [INFO] [Network]
사용 중인 암호화 방식: TLS_AES_256_GCM_SHA384 [06월 17일 16:45] [INFO] [Network]
SSL 핸드셰이크 완료 [06월 17일 16:45] [INFO] [Network]
서버 연결 성공 [06월 17일 16:45] [INFO] [Client]
시그널 수신: 2 [06월 17일 16:45] [INFO] [Client]
자원 정리 시작 [06월 17일 16:45] [INFO] [Client]
로거 정리 중... [06월 17일 16:45] [INFO] [System]
[INFO] [System] 로거 초기화 완료. 로그 파일: logs/client.log [06월 17일 16:46]
[INFO] [UI] init_ui 호출됨 [06월 17일 16:46]
[INFO] [UI] init_ui_manager 호출됨 [06월 17일 16:46]
[INFO] [UI] 터미널 크기: COLS=102, LINES=28 [06월 17일 16:46]
[INFO] [UI] UI 매니저 초기화 완료 [06월 17일 16:46]
[INFO] [UI] UI 매니저 초기화 성공 [06월 17일 16:46]
[INFO] [SSL] init_ssl_manager 진입 [06월 17일 16:46]
[INFO] [SSL] OpenSSL 초기화 시작 [06월 17일 16:46]
[INFO] [SSL] OpenSSL 초기화 완료 [06월 17일 16:46]
[INFO] [SSL] OpenSSL 버전 확인 [06월 17일 16:46]
[INFO] [SSL] OpenSSL 버전: OpenSSL 3.5.0 8 Apr 2025 [06월 17일 16:46]
[INFO] [SSL] OpenSSL 에러 큐 초기화 완료 [06월 17일 16:46]
[INFO] [SSL] 클라이언트 SSL 컨텍스트 초기화 완료 [06월 17일 16:46]
[INFO] [Performance] 성능 통계 초기화 완료 [06월 17일 16:46]
[INFO] [Client] 서버 연결 시도: 127.0.0.1:9000 [06월 17일 16:46]
[INFO] [Network] 클라이언트 소켓 초기화 시작: 서버=127.0.0.1, 포트=9000 [06월 17일 16:46]
[INFO] [Network] 클라이언트 소켓 초기화 완료 [06월 17일 16:46]
[INFO] [Client] SSL 핸드셰이크 시도 [06월 17일 16:46]
[INFO] [Network] SSL 핸드셰이크 시작 [06월 17일 16:46]
[INFO] [Network] SSL 핸드셰이크 후 상태: 1 [06월 17일 16:46]
[INFO] [Network] 사용 중인 암호화 방식: TLS_AES_256_GCM_SHA384 [06월 17일 16:46]
[INFO] [Network] SSL 핸드셰이크 완료 [06월 17일 16:46]
[INFO] [Client] 서버 연결 성공 [06월 17일 16:46]
[INFO] [Client] 시그널 수신: 2 [06월 17일 16:46]
[INFO] [Client] 자원 정리 시작 [06월 17일 16:46]
[INFO] [System] 로거 정리 중... [06월 17일 16:46]
