[INFO] [Resource] [src/resource.c:148:resource_add_device] 신규 장비 추가 시작: ID=DEV001 (2025-06-22 14:27:15)
[INFO] [Resource] [src/resource.c:148:resource_add_device] 신규 장비 추가 시작: ID=DEV002 (2025-06-22 14:27:15)
[INFO] [Resource] [src/resource.c:148:resource_add_device] 신규 장비 추가 시작: ID=DEV003 (2025-06-22 14:27:15)
[INFO] [Resource] [src/resource.c:148:resource_add_device] 신규 장비 추가 시작: ID=DEV004 (2025-06-22 14:27:15)
[INFO] [Resource] [src/resource.c:148:resource_add_device] 신규 장비 추가 시작: ID=DEV005 (2025-06-22 14:27:15)
[INFO] [Auth] [src/server_main.c:718:server_load_users_from_file] 사용자 로드: //아이디 (2025-06-22 14:27:15)
[INFO] [Auth] [src/server_main.c:718:server_load_users_from_file] 사용자 로드: user1 (2025-06-22 14:27:15)
[INFO] [Auth] [src/server_main.c:718:server_load_users_from_file] 사용자 로드: user2 (2025-06-22 14:27:15)
[INFO] [Auth] [src/server_main.c:718:server_load_users_from_file] 사용자 로드: user3 (2025-06-22 14:27:15)
[INFO] [Auth] [src/server_main.c:718:server_load_users_from_file] 사용자 로드: user4 (2025-06-22 14:27:15)
[INFO] [Auth] [src/server_main.c:718:server_load_users_from_file] 사용자 로드: user5 (2025-06-22 14:27:15)
[INFO] [Auth] [src/server_main.c:718:server_load_users_from_file] 사용자 로드: 1 (2025-06-22 14:27:15)
[INFO] [Auth] [src/server_main.c:727:server_load_users_from_file] 사용자 정보 로드 완료: 총 7명 (2025-06-22 14:27:15)
[INFO] [Auth] [src/server_main.c:615:server_cleanup] 사용자 정보 해시 테이블 정리 완료 (2025-06-22 14:27:19)
[INFO] [Resource] [src/resource.c:148:resource_add_device] 신규 장비 추가 시작: ID=DEV001 (2025-06-22 14:27:46)
[INFO] [Resource] [src/resource.c:148:resource_add_device] 신규 장비 추가 시작: ID=DEV002 (2025-06-22 14:27:46)
[INFO] [Resource] [src/resource.c:148:resource_add_device] 신규 장비 추가 시작: ID=DEV003 (2025-06-22 14:27:46)
[INFO] [Resource] [src/resource.c:148:resource_add_device] 신규 장비 추가 시작: ID=DEV004 (2025-06-22 14:27:46)
[INFO] [Resource] [src/resource.c:148:resource_add_device] 신규 장비 추가 시작: ID=DEV005 (2025-06-22 14:27:46)
[INFO] [Auth] [src/server_main.c:718:server_load_users_from_file] 사용자 로드: //아이디 (2025-06-22 14:27:46)
[INFO] [Auth] [src/server_main.c:718:server_load_users_from_file] 사용자 로드: user1 (2025-06-22 14:27:46)
[INFO] [Auth] [src/server_main.c:718:server_load_users_from_file] 사용자 로드: user2 (2025-06-22 14:27:46)
[INFO] [Auth] [src/server_main.c:718:server_load_users_from_file] 사용자 로드: user3 (2025-06-22 14:27:46)
[INFO] [Auth] [src/server_main.c:718:server_load_users_from_file] 사용자 로드: user4 (2025-06-22 14:27:46)
[INFO] [Auth] [src/server_main.c:718:server_load_users_from_file] 사용자 로드: user5 (2025-06-22 14:27:46)
[INFO] [Auth] [src/server_main.c:718:server_load_users_from_file] 사용자 로드: 1 (2025-06-22 14:27:46)
[INFO] [Auth] [src/server_main.c:727:server_load_users_from_file] 사용자 정보 로드 완료: 총 7명 (2025-06-22 14:27:46)
[INFO] [Auth] [src/server_main.c:615:server_cleanup] 사용자 정보 해시 테이블 정리 완료 (2025-06-22 14:28:06)
[INFO] [Resource] [src/resource.c:148:resource_add_device] 신규 장비 추가 시작: ID=DEV001 (2025-06-22 14:33:00)
[INFO] [Resource] [src/resource.c:148:resource_add_device] 신규 장비 추가 시작: ID=DEV002 (2025-06-22 14:33:00)
[INFO] [Resource] [src/resource.c:148:resource_add_device] 신규 장비 추가 시작: ID=DEV003 (2025-06-22 14:33:00)
[INFO] [Resource] [src/resource.c:148:resource_add_device] 신규 장비 추가 시작: ID=DEV004 (2025-06-22 14:33:00)
[INFO] [Resource] [src/resource.c:148:resource_add_device] 신규 장비 추가 시작: ID=DEV005 (2025-06-22 14:33:00)
[INFO] [Auth] [src/server_main.c:718:server_load_users_from_file] 사용자 로드: //아이디 (2025-06-22 14:33:00)
[INFO] [Auth] [src/server_main.c:718:server_load_users_from_file] 사용자 로드: user1 (2025-06-22 14:33:00)
[INFO] [Auth] [src/server_main.c:718:server_load_users_from_file] 사용자 로드: user2 (2025-06-22 14:33:00)
[INFO] [Auth] [src/server_main.c:718:server_load_users_from_file] 사용자 로드: user3 (2025-06-22 14:33:00)
[INFO] [Auth] [src/server_main.c:718:server_load_users_from_file] 사용자 로드: user4 (2025-06-22 14:33:00)
[INFO] [Auth] [src/server_main.c:718:server_load_users_from_file] 사용자 로드: user5 (2025-06-22 14:33:00)
[INFO] [Auth] [src/server_main.c:718:server_load_users_from_file] 사용자 로드: 1 (2025-06-22 14:33:00)
[INFO] [Auth] [src/server_main.c:727:server_load_users_from_file] 사용자 정보 로드 완료: 총 7명 (2025-06-22 14:33:00)
[INFO] [Auth] [src/server_main.c:615:server_cleanup] 사용자 정보 해시 테이블 정리 완료 (2025-06-22 14:33:08)
[INFO] [Resource] [src/resource.c:148:resource_add_device] 신규 장비 추가 시작: ID=DEV001 (2025-06-22 14:33:11)
[INFO] [Resource] [src/resource.c:148:resource_add_device] 신규 장비 추가 시작: ID=DEV002 (2025-06-22 14:33:11)
[INFO] [Resource] [src/resource.c:148:resource_add_device] 신규 장비 추가 시작: ID=DEV003 (2025-06-22 14:33:11)
[INFO] [Resource] [src/resource.c:148:resource_add_device] 신규 장비 추가 시작: ID=DEV004 (2025-06-22 14:33:11)
[INFO] [Resource] [src/resource.c:148:resource_add_device] 신규 장비 추가 시작: ID=DEV005 (2025-06-22 14:33:11)
[INFO] [Auth] [src/server_main.c:718:server_load_users_from_file] 사용자 로드: //아이디 (2025-06-22 14:33:11)
[INFO] [Auth] [src/server_main.c:718:server_load_users_from_file] 사용자 로드: user1 (2025-06-22 14:33:11)
[INFO] [Auth] [src/server_main.c:718:server_load_users_from_file] 사용자 로드: user2 (2025-06-22 14:33:11)
[INFO] [Auth] [src/server_main.c:718:server_load_users_from_file] 사용자 로드: user3 (2025-06-22 14:33:11)
[INFO] [Auth] [src/server_main.c:718:server_load_users_from_file] 사용자 로드: user4 (2025-06-22 14:33:11)
[INFO] [Auth] [src/server_main.c:718:server_load_users_from_file] 사용자 로드: user5 (2025-06-22 14:33:11)
[INFO] [Auth] [src/server_main.c:718:server_load_users_from_file] 사용자 로드: 1 (2025-06-22 14:33:11)
[INFO] [Auth] [src/server_main.c:727:server_load_users_from_file] 사용자 정보 로드 완료: 총 7명 (2025-06-22 14:33:11)
[INFO] [Auth] [src/server_main.c:615:server_cleanup] 사용자 정보 해시 테이블 정리 완료 (2025-06-22 14:33:12)
[INFO] [Resource] [src/resource.c:148:resource_add_device] 신규 장비 추가 시작: ID=DEV001 (2025-06-22 14:33:18)
[INFO] [Resource] [src/resource.c:148:resource_add_device] 신규 장비 추가 시작: ID=DEV002 (2025-06-22 14:33:18)
[INFO] [Resource] [src/resource.c:148:resource_add_device] 신규 장비 추가 시작: ID=DEV003 (2025-06-22 14:33:18)
[INFO] [Resource] [src/resource.c:148:resource_add_device] 신규 장비 추가 시작: ID=DEV004 (2025-06-22 14:33:18)
[INFO] [Resource] [src/resource.c:148:resource_add_device] 신규 장비 추가 시작: ID=DEV005 (2025-06-22 14:33:18)
[INFO] [Auth] [src/server_main.c:718:server_load_users_from_file] 사용자 로드: //아이디 (2025-06-22 14:33:18)
[INFO] [Auth] [src/server_main.c:718:server_load_users_from_file] 사용자 로드: user1 (2025-06-22 14:33:18)
[INFO] [Auth] [src/server_main.c:718:server_load_users_from_file] 사용자 로드: user2 (2025-06-22 14:33:18)
[INFO] [Auth] [src/server_main.c:718:server_load_users_from_file] 사용자 로드: user3 (2025-06-22 14:33:18)
[INFO] [Auth] [src/server_main.c:718:server_load_users_from_file] 사용자 로드: user4 (2025-06-22 14:33:18)
[INFO] [Auth] [src/server_main.c:718:server_load_users_from_file] 사용자 로드: user5 (2025-06-22 14:33:18)
[INFO] [Auth] [src/server_main.c:718:server_load_users_from_file] 사용자 로드: 1 (2025-06-22 14:33:18)
[INFO] [Auth] [src/server_main.c:727:server_load_users_from_file] 사용자 정보 로드 완료: 총 7명 (2025-06-22 14:33:18)
[INFO] [Auth] [src/server_main.c:615:server_cleanup] 사용자 정보 해시 테이블 정리 완료 (2025-06-22 14:33:21)
[INFO] [Resource] [src/resource.c:148:resource_add_device] 신규 장비 추가 시작: ID=DEV001 (2025-06-22 14:33:25)
[INFO] [Resource] [src/resource.c:148:resource_add_device] 신규 장비 추가 시작: ID=DEV002 (2025-06-22 14:33:25)
[INFO] [Resource] [src/resource.c:148:resource_add_device] 신규 장비 추가 시작: ID=DEV003 (2025-06-22 14:33:25)
[INFO] [Resource] [src/resource.c:148:resource_add_device] 신규 장비 추가 시작: ID=DEV004 (2025-06-22 14:33:25)
[INFO] [Resource] [src/resource.c:148:resource_add_device] 신규 장비 추가 시작: ID=DEV005 (2025-06-22 14:33:25)
[INFO] [Auth] [src/server_main.c:718:server_load_users_from_file] 사용자 로드: //아이디 (2025-06-22 14:33:25)
[INFO] [Auth] [src/server_main.c:718:server_load_users_from_file] 사용자 로드: user1 (2025-06-22 14:33:25)
[INFO] [Auth] [src/server_main.c:718:server_load_users_from_file] 사용자 로드: user2 (2025-06-22 14:33:25)
[INFO] [Auth] [src/server_main.c:718:server_load_users_from_file] 사용자 로드: user3 (2025-06-22 14:33:25)
[INFO] [Auth] [src/server_main.c:718:server_load_users_from_file] 사용자 로드: user4 (2025-06-22 14:33:25)
[INFO] [Auth] [src/server_main.c:718:server_load_users_from_file] 사용자 로드: user5 (2025-06-22 14:33:25)
[INFO] [Auth] [src/server_main.c:718:server_load_users_from_file] 사용자 로드: 1 (2025-06-22 14:33:25)
[INFO] [Auth] [src/server_main.c:727:server_load_users_from_file] 사용자 정보 로드 완료: 총 7명 (2025-06-22 14:33:25)
[INFO] [Auth] [src/server_main.c:615:server_cleanup] 사용자 정보 해시 테이블 정리 완료 (2025-06-22 14:33:30)
[INFO] [Resource] [src/resource.c:148:resource_add_device] 신규 장비 추가 시작: ID=DEV001 (2025-06-22 14:33:32)
[INFO] [Resource] [src/resource.c:148:resource_add_device] 신규 장비 추가 시작: ID=DEV002 (2025-06-22 14:33:32)
[INFO] [Resource] [src/resource.c:148:resource_add_device] 신규 장비 추가 시작: ID=DEV003 (2025-06-22 14:33:32)
[INFO] [Resource] [src/resource.c:148:resource_add_device] 신규 장비 추가 시작: ID=DEV004 (2025-06-22 14:33:32)
[INFO] [Resource] [src/resource.c:148:resource_add_device] 신규 장비 추가 시작: ID=DEV005 (2025-06-22 14:33:32)
[INFO] [Auth] [src/server_main.c:718:server_load_users_from_file] 사용자 로드: //아이디 (2025-06-22 14:33:32)
[INFO] [Auth] [src/server_main.c:718:server_load_users_from_file] 사용자 로드: user1 (2025-06-22 14:33:32)
[INFO] [Auth] [src/server_main.c:718:server_load_users_from_file] 사용자 로드: user2 (2025-06-22 14:33:32)
[INFO] [Auth] [src/server_main.c:718:server_load_users_from_file] 사용자 로드: user3 (2025-06-22 14:33:32)
[INFO] [Auth] [src/server_main.c:718:server_load_users_from_file] 사용자 로드: user4 (2025-06-22 14:33:32)
[INFO] [Auth] [src/server_main.c:718:server_load_users_from_file] 사용자 로드: user5 (2025-06-22 14:33:32)
[INFO] [Auth] [src/server_main.c:718:server_load_users_from_file] 사용자 로드: 1 (2025-06-22 14:33:32)
[INFO] [Auth] [src/server_main.c:727:server_load_users_from_file] 사용자 정보 로드 완료: 총 7명 (2025-06-22 14:33:32)
[INFO] [Auth] [src/server_main.c:615:server_cleanup] 사용자 정보 해시 테이블 정리 완료 (2025-06-22 14:40:18)
[INFO] [Network] [src/network.c:290:network_init_ssl_manager] SSL 매니저 초기화 시작: 서버 모드 (2025-06-22 14:40:20)
[INFO] [Network] [src/network.c:305:network_init_ssl_manager] 서버 SSL 컨텍스트 초기화: 인증서=certs/server.crt, 키=certs/server.key (2025-06-22 14:40:20)
[INFO] [Resource] [src/resource.c:148:resource_add_device] 신규 장비 추가 시작: ID=DEV001 (2025-06-22 14:40:20)
[INFO] [Resource] [src/resource.c:148:resource_add_device] 신규 장비 추가 시작: ID=DEV002 (2025-06-22 14:40:20)
[INFO] [Resource] [src/resource.c:148:resource_add_device] 신규 장비 추가 시작: ID=DEV003 (2025-06-22 14:40:20)
[INFO] [Resource] [src/resource.c:148:resource_add_device] 신규 장비 추가 시작: ID=DEV004 (2025-06-22 14:40:20)
[INFO] [Resource] [src/resource.c:148:resource_add_device] 신규 장비 추가 시작: ID=DEV005 (2025-06-22 14:40:20)
[INFO] [Auth] [src/server_main.c:718:server_load_users_from_file] 사용자 로드: //아이디 (2025-06-22 14:40:20)
[INFO] [Auth] [src/server_main.c:718:server_load_users_from_file] 사용자 로드: user1 (2025-06-22 14:40:20)
[INFO] [Auth] [src/server_main.c:718:server_load_users_from_file] 사용자 로드: user2 (2025-06-22 14:40:20)
[INFO] [Auth] [src/server_main.c:718:server_load_users_from_file] 사용자 로드: user3 (2025-06-22 14:40:20)
[INFO] [Auth] [src/server_main.c:718:server_load_users_from_file] 사용자 로드: user4 (2025-06-22 14:40:20)
[INFO] [Auth] [src/server_main.c:718:server_load_users_from_file] 사용자 로드: user5 (2025-06-22 14:40:20)
[INFO] [Auth] [src/server_main.c:718:server_load_users_from_file] 사용자 로드: 1 (2025-06-22 14:40:20)
[INFO] [Auth] [src/server_main.c:727:server_load_users_from_file] 사용자 정보 로드 완료: 총 7명 (2025-06-22 14:40:20)
[INFO] [Network] [src/network.c:337:network_init_server_socket] 서버 소켓 초기화 시작: 포트=9000 (2025-06-22 14:40:20)
[INFO] [Network] [src/network.c:356:network_init_server_socket] 서버 소켓 초기화 완료: 포트=9000, 소켓=6 (2025-06-22 14:40:20)
[INFO] [Auth] [src/server_main.c:615:server_cleanup] 사용자 정보 해시 테이블 정리 완료 (2025-06-22 14:40:23)
[INFO] [Network] [src/network.c:290:network_init_ssl_manager] SSL 매니저 초기화 시작: 서버 모드 (2025-06-22 14:40:25)
[INFO] [Network] [src/network.c:305:network_init_ssl_manager] 서버 SSL 컨텍스트 초기화: 인증서=certs/server.crt, 키=certs/server.key (2025-06-22 14:40:25)
[INFO] [Resource] [src/resource.c:148:resource_add_device] 신규 장비 추가 시작: ID=DEV001 (2025-06-22 14:40:25)
[INFO] [Resource] [src/resource.c:148:resource_add_device] 신규 장비 추가 시작: ID=DEV002 (2025-06-22 14:40:25)
[INFO] [Resource] [src/resource.c:148:resource_add_device] 신규 장비 추가 시작: ID=DEV003 (2025-06-22 14:40:25)
[INFO] [Resource] [src/resource.c:148:resource_add_device] 신규 장비 추가 시작: ID=DEV004 (2025-06-22 14:40:25)
[INFO] [Resource] [src/resource.c:148:resource_add_device] 신규 장비 추가 시작: ID=DEV005 (2025-06-22 14:40:25)
[INFO] [Auth] [src/server_main.c:718:server_load_users_from_file] 사용자 로드: //아이디 (2025-06-22 14:40:25)
[INFO] [Auth] [src/server_main.c:718:server_load_users_from_file] 사용자 로드: user1 (2025-06-22 14:40:25)
[INFO] [Auth] [src/server_main.c:718:server_load_users_from_file] 사용자 로드: user2 (2025-06-22 14:40:25)
[INFO] [Auth] [src/server_main.c:718:server_load_users_from_file] 사용자 로드: user3 (2025-06-22 14:40:25)
[INFO] [Auth] [src/server_main.c:718:server_load_users_from_file] 사용자 로드: user4 (2025-06-22 14:40:25)
[INFO] [Auth] [src/server_main.c:718:server_load_users_from_file] 사용자 로드: user5 (2025-06-22 14:40:25)
[INFO] [Auth] [src/server_main.c:718:server_load_users_from_file] 사용자 로드: 1 (2025-06-22 14:40:25)
[INFO] [Auth] [src/server_main.c:727:server_load_users_from_file] 사용자 정보 로드 완료: 총 7명 (2025-06-22 14:40:25)
[INFO] [Network] [src/network.c:337:network_init_server_socket] 서버 소켓 초기화 시작: 포트=9000 (2025-06-22 14:40:25)
[INFO] [Network] [src/network.c:356:network_init_server_socket] 서버 소켓 초기화 완료: 포트=9000, 소켓=6 (2025-06-22 14:40:25)
[INFO] [Network] [src/network.c:536:network_set_socket_options] 소켓 옵션 설정 완료: fd=7, 클라이언트 모드 (2025-06-22 14:40:27)
[INFO] [Network] [src/network.c:573:network_accept_client] 클라이언트 연결 수락: IP=127.0.0.1, 소켓=7 (2025-06-22 14:40:27)
[INFO] [Network] [src/network.c:411:network_create_ssl_handler] SSL 핸들러 생성 시작: 서버 모드, 소켓=7 (2025-06-22 14:40:27)
[INFO] [Network] [src/network.c:436:network_create_ssl_handler] SSL 핸들러 생성 완료: 서버 모드, 소켓=7 (2025-06-22 14:40:27)
[INFO] [Network] [src/network.c:391:network_handle_ssl_handshake] SSL 핸드셰이크 시작: 서버 모드, 소켓=7 (2025-06-22 14:40:27)
[INFO] [Network] [src/network.c:402:network_handle_ssl_handshake] SSL 핸드셰이크 성공: 서버 모드, 소켓=7, 프로토콜=TLSv1.3 (2025-06-22 14:40:27)
[INFO] [Network] [src/network.c:584:network_accept_client] 클라이언트 SSL 연결 성공: IP=127.0.0.1, 소켓=7 (2025-06-22 14:40:27)
[INFO] [Network] [src/network.c:77:network_send_message] 메시지 전송 시작: 타입=14, 인자수=0, 데이터길이=42 (2025-06-22 14:40:27)
[INFO] [Network] [src/network.c:111:network_send_message] 메시지 전송 완료: 타입=14 (2025-06-22 14:40:27)
[INFO] [Auth] [src/server_main.c:417:server_handle_login_request] 로그인 시도: 사용자='1', IP=127.0.0.1 (2025-06-22 14:40:37)
[INFO] [Auth] [src/server_main.c:401:server_is_user_authenticated] 사용자 인증 성공: 1 (2025-06-22 14:40:37)
[INFO] [Auth] [src/server_main.c:425:server_handle_login_request] 사용자 자격 증명 확인 성공: '1' (2025-06-22 14:40:37)
[INFO] [Auth] [src/server_main.c:440:server_handle_login_request] 사용자 '1'가 IP주소 127.0.0.1 에서 로그인했습니다. (2025-06-22 14:40:37)
[INFO] [Network] [src/network.c:77:network_send_message] 메시지 전송 시작: 타입=0, 인자수=1, 데이터길이=7 (2025-06-22 14:40:37)
[INFO] [Network] [src/network.c:111:network_send_message] 메시지 전송 완료: 타입=0 (2025-06-22 14:40:37)
[INFO] [Network] [src/network.c:77:network_send_message] 메시지 전송 시작: 타입=10, 인자수=2, 데이터길이=4 (2025-06-22 14:40:37)
[INFO] [Network] [src/network.c:111:network_send_message] 메시지 전송 완료: 타입=10 (2025-06-22 14:40:37)
[INFO] [Auth] [src/server_main.c:615:server_cleanup] 사용자 정보 해시 테이블 정리 완료 (2025-06-22 14:40:41)
[INFO] [Network] [src/network.c:290:network_init_ssl_manager] SSL 매니저 초기화 시작: 서버 모드 (2025-06-22 14:42:45)
[INFO] [Network] [src/network.c:305:network_init_ssl_manager] 서버 SSL 컨텍스트 초기화: 인증서=certs/server.crt, 키=certs/server.key (2025-06-22 14:42:45)
[INFO] [Resource] [src/resource.c:148:resource_add_device] 신규 장비 추가 시작: ID=DEV001 (2025-06-22 14:42:45)
[INFO] [Resource] [src/resource.c:148:resource_add_device] 신규 장비 추가 시작: ID=DEV002 (2025-06-22 14:42:45)
[INFO] [Resource] [src/resource.c:148:resource_add_device] 신규 장비 추가 시작: ID=DEV003 (2025-06-22 14:42:45)
[INFO] [Resource] [src/resource.c:148:resource_add_device] 신규 장비 추가 시작: ID=DEV004 (2025-06-22 14:42:45)
[INFO] [Resource] [src/resource.c:148:resource_add_device] 신규 장비 추가 시작: ID=DEV005 (2025-06-22 14:42:45)
[INFO] [Auth] [src/server_main.c:718:server_load_users_from_file] 사용자 로드: //아이디 (2025-06-22 14:42:45)
[INFO] [Auth] [src/server_main.c:718:server_load_users_from_file] 사용자 로드: user1 (2025-06-22 14:42:45)
[INFO] [Auth] [src/server_main.c:718:server_load_users_from_file] 사용자 로드: user2 (2025-06-22 14:42:45)
[INFO] [Auth] [src/server_main.c:718:server_load_users_from_file] 사용자 로드: user3 (2025-06-22 14:42:45)
[INFO] [Auth] [src/server_main.c:718:server_load_users_from_file] 사용자 로드: user4 (2025-06-22 14:42:45)
[INFO] [Auth] [src/server_main.c:718:server_load_users_from_file] 사용자 로드: user5 (2025-06-22 14:42:45)
[INFO] [Auth] [src/server_main.c:718:server_load_users_from_file] 사용자 로드: 1 (2025-06-22 14:42:45)
[INFO] [Auth] [src/server_main.c:727:server_load_users_from_file] 사용자 정보 로드 완료: 총 7명 (2025-06-22 14:42:45)
[INFO] [Network] [src/network.c:337:network_init_server_socket] 서버 소켓 초기화 시작: 포트=9000 (2025-06-22 14:42:45)
[INFO] [Network] [src/network.c:356:network_init_server_socket] 서버 소켓 초기화 완료: 포트=9000, 소켓=6 (2025-06-22 14:42:45)
[INFO] [Auth] [src/server_main.c:615:server_cleanup] 사용자 정보 해시 테이블 정리 완료 (2025-06-22 16:32:12)
[INFO] [Network] [src/network.c:290:network_init_ssl_manager] SSL 매니저 초기화 시작: 서버 모드 (2025-06-22 16:32:16)
[INFO] [Network] [src/network.c:305:network_init_ssl_manager] 서버 SSL 컨텍스트 초기화: 인증서=certs/server.crt, 키=certs/server.key (2025-06-22 16:32:16)
[INFO] [Resource] [src/resource.c:148:resource_add_device] 신규 장비 추가 시작: ID=DEV001 (2025-06-22 16:32:16)
[INFO] [Resource] [src/resource.c:148:resource_add_device] 신규 장비 추가 시작: ID=DEV002 (2025-06-22 16:32:16)
[INFO] [Resource] [src/resource.c:148:resource_add_device] 신규 장비 추가 시작: ID=DEV003 (2025-06-22 16:32:16)
[INFO] [Resource] [src/resource.c:148:resource_add_device] 신규 장비 추가 시작: ID=DEV004 (2025-06-22 16:32:16)
[INFO] [Resource] [src/resource.c:148:resource_add_device] 신규 장비 추가 시작: ID=DEV005 (2025-06-22 16:32:16)
[INFO] [Reservation] [src/reservation.c:352:reservation_init_manager] 예약 관리자 초기화 시작 (2025-06-22 16:32:16)
[INFO] [Reservation] [src/reservation.c:391:reservation_init_manager] 예약 관리자 초기화 완료: 타임휠 크기=3600, 정리 스레드 시작 (2025-06-22 16:32:16)
[INFO] [Session] [src/session.c:88:session_init_manager] 세션 매니저 초기화 성공 (2025-06-22 16:32:16)
[INFO] [Auth] [src/server_main.c:718:server_load_users_from_file] 사용자 로드: //아이디 (2025-06-22 16:32:16)
[INFO] [Auth] [src/server_main.c:718:server_load_users_from_file] 사용자 로드: user1 (2025-06-22 16:32:16)
[INFO] [Auth] [src/server_main.c:718:server_load_users_from_file] 사용자 로드: user2 (2025-06-22 16:32:16)
[INFO] [Auth] [src/server_main.c:718:server_load_users_from_file] 사용자 로드: user3 (2025-06-22 16:32:16)
[INFO] [Auth] [src/server_main.c:718:server_load_users_from_file] 사용자 로드: user4 (2025-06-22 16:32:16)
[INFO] [Auth] [src/server_main.c:718:server_load_users_from_file] 사용자 로드: user5 (2025-06-22 16:32:16)
[INFO] [Auth] [src/server_main.c:718:server_load_users_from_file] 사용자 로드: 1 (2025-06-22 16:32:16)
[INFO] [Auth] [src/server_main.c:727:server_load_users_from_file] 사용자 정보 로드 완료: 총 7명 (2025-06-22 16:32:16)
[INFO] [Network] [src/network.c:337:network_init_server_socket] 서버 소켓 초기화 시작: 포트=9000 (2025-06-22 16:32:16)
[INFO] [Network] [src/network.c:538:network_set_socket_options] 소켓 옵션 설정 완료: fd=6, 서버 모드 (2025-06-22 16:32:16)
[INFO] [Network] [src/network.c:356:network_init_server_socket] 서버 소켓 초기화 완료: 포트=9000, 소켓=6 (2025-06-22 16:32:16)
[INFO] [Auth] [src/server_main.c:615:server_cleanup] 사용자 정보 해시 테이블 정리 완료 (2025-06-22 16:32:24)
[INFO] [Network] [src/network.c:290:network_init_ssl_manager] SSL 매니저 초기화 시작: 서버 모드 (2025-06-22 16:33:24)
[INFO] [Network] [src/network.c:305:network_init_ssl_manager] 서버 SSL 컨텍스트 초기화: 인증서=certs/server.crt, 키=certs/server.key (2025-06-22 16:33:24)
[INFO] [Resource] [src/resource.c:148:resource_add_device] 신규 장비 추가 시작: ID=DEV001 (2025-06-22 16:33:24)
[INFO] [Resource] [src/resource.c:148:resource_add_device] 신규 장비 추가 시작: ID=DEV002 (2025-06-22 16:33:24)
[INFO] [Resource] [src/resource.c:148:resource_add_device] 신규 장비 추가 시작: ID=DEV003 (2025-06-22 16:33:24)
[INFO] [Resource] [src/resource.c:148:resource_add_device] 신규 장비 추가 시작: ID=DEV004 (2025-06-22 16:33:24)
[INFO] [Resource] [src/resource.c:148:resource_add_device] 신규 장비 추가 시작: ID=DEV005 (2025-06-22 16:33:24)
[INFO] [Reservation] [src/reservation.c:352:reservation_init_manager] 예약 관리자 초기화 시작 (2025-06-22 16:33:24)
[INFO] [Reservation] [src/reservation.c:391:reservation_init_manager] 예약 관리자 초기화 완료: 타임휠 크기=3600, 정리 스레드 시작 (2025-06-22 16:33:24)
[INFO] [Session] [src/session.c:88:session_init_manager] 세션 매니저 초기화 성공 (2025-06-22 16:33:24)
[INFO] [Auth] [src/server_main.c:718:server_load_users_from_file] 사용자 로드: //아이디 (2025-06-22 16:33:24)
[INFO] [Auth] [src/server_main.c:718:server_load_users_from_file] 사용자 로드: user1 (2025-06-22 16:33:24)
[INFO] [Auth] [src/server_main.c:718:server_load_users_from_file] 사용자 로드: user2 (2025-06-22 16:33:24)
[INFO] [Auth] [src/server_main.c:718:server_load_users_from_file] 사용자 로드: user3 (2025-06-22 16:33:24)
[INFO] [Auth] [src/server_main.c:718:server_load_users_from_file] 사용자 로드: user4 (2025-06-22 16:33:24)
[INFO] [Auth] [src/server_main.c:718:server_load_users_from_file] 사용자 로드: user5 (2025-06-22 16:33:24)
[INFO] [Auth] [src/server_main.c:718:server_load_users_from_file] 사용자 로드: 1 (2025-06-22 16:33:24)
[INFO] [Auth] [src/server_main.c:727:server_load_users_from_file] 사용자 정보 로드 완료: 총 7명 (2025-06-22 16:33:24)
[INFO] [Network] [src/network.c:337:network_init_server_socket] 서버 소켓 초기화 시작: 포트=9000 (2025-06-22 16:33:24)
[INFO] [Network] [src/network.c:538:network_set_socket_options] 소켓 옵션 설정 완료: fd=6, 서버 모드 (2025-06-22 16:33:24)
[INFO] [Network] [src/network.c:356:network_init_server_socket] 서버 소켓 초기화 완료: 포트=9000, 소켓=6 (2025-06-22 16:33:24)
[INFO] [Network] [src/network.c:538:network_set_socket_options] 소켓 옵션 설정 완료: fd=7, 클라이언트 모드 (2025-06-22 16:33:26)
[INFO] [Network] [src/network.c:575:network_accept_client] 클라이언트 연결 수락: IP=127.0.0.1, 소켓=7 (2025-06-22 16:33:26)
[INFO] [Network] [src/network.c:411:network_create_ssl_handler] SSL 핸들러 생성 시작: 서버 모드, 소켓=7 (2025-06-22 16:33:26)
[INFO] [Network] [src/network.c:436:network_create_ssl_handler] SSL 핸들러 생성 완료: 서버 모드, 소켓=7 (2025-06-22 16:33:26)
[INFO] [Network] [src/network.c:391:network_handle_ssl_handshake] SSL 핸드셰이크 시작: 서버 모드, 소켓=7 (2025-06-22 16:33:26)
[INFO] [Network] [src/network.c:402:network_handle_ssl_handshake] SSL 핸드셰이크 성공: 서버 모드, 소켓=7, 프로토콜=TLSv1.3 (2025-06-22 16:33:26)
[INFO] [Network] [src/network.c:586:network_accept_client] 클라이언트 SSL 연결 성공: IP=127.0.0.1, 소켓=7 (2025-06-22 16:33:26)
[INFO] [Message] [src/message.c:308:message_receive] 메시지 수신 시작: 타입=PING(11), 인자수=0 (2025-06-22 16:33:26)
[INFO] [Message] [src/message.c:75:message_create] 메시지 생성: 타입=PING(11), 데이터=(없음) (2025-06-22 16:33:26)
[INFO] [Message] [src/message.c:333:message_receive] 메시지 수신 완료: 타입=PING(11), 인자수=0, 데이터길이=0 (2025-06-22 16:33:26)
[INFO] [Message] [src/message.c:75:message_create] 메시지 생성: 타입=ERROR(14), 데이터=로그인이 필요한 서비스입니다. (2025-06-22 16:33:26)
[INFO] [Network] [src/network.c:77:network_send_message] 메시지 전송 시작: 타입=14, 인자수=0, 데이터길이=42 (2025-06-22 16:33:26)
[INFO] [Network] [src/network.c:111:network_send_message] 메시지 전송 완료: 타입=14 (2025-06-22 16:33:26)
[INFO] [Message] [src/message.c:308:message_receive] 메시지 수신 시작: 타입=LOGIN(0), 인자수=2 (2025-06-22 16:33:30)
[INFO] [Message] [src/message.c:75:message_create] 메시지 생성: 타입=LOGIN(0), 데이터=(없음) (2025-06-22 16:33:30)
[INFO] [Message] [src/message.c:333:message_receive] 메시지 수신 완료: 타입=LOGIN(0), 인자수=2, 데이터길이=0 (2025-06-22 16:33:30)
[INFO] [Auth] [src/server_main.c:417:server_handle_login_request] 로그인 시도: 사용자='1', IP=127.0.0.1 (2025-06-22 16:33:30)
[INFO] [Auth] [src/server_main.c:401:server_is_user_authenticated] 사용자 인증 성공: 1 (2025-06-22 16:33:30)
[INFO] [Auth] [src/server_main.c:425:server_handle_login_request] 사용자 자격 증명 확인 성공: '1' (2025-06-22 16:33:30)
[INFO] [Session] [src/session.c:127:session_create] 세션 생성 시작: 사용자=1, IP=127.0.0.1, 포트=0 (2025-06-22 16:33:30)
[INFO] [Session] [src/session.c:160:session_create] 세션 정보 설정 완료: 사용자=1, 토큰=1_1750577610, 생성시간=1750577610 (2025-06-22 16:33:30)
[INFO] [Session] [src/session.c:170:session_create] 세션 생성 성공: 1 (2025-06-22 16:33:30)
[INFO] [Auth] [src/server_main.c:440:server_handle_login_request] 사용자 '1'가 IP주소 127.0.0.1 에서 로그인했습니다. (2025-06-22 16:33:30)
[INFO] [Message] [src/message.c:75:message_create] 메시지 생성: 타입=LOGIN(0), 데이터=success (2025-06-22 16:33:30)
[INFO] [Network] [src/network.c:77:network_send_message] 메시지 전송 시작: 타입=0, 인자수=1, 데이터길이=7 (2025-06-22 16:33:30)
[INFO] [Network] [src/network.c:111:network_send_message] 메시지 전송 완료: 타입=0 (2025-06-22 16:33:30)
[INFO] [Message] [src/message.c:308:message_receive] 메시지 수신 시작: 타입=TIME_SYNC_REQUEST(9), 인자수=1 (2025-06-22 16:33:30)
[INFO] [Message] [src/message.c:75:message_create] 메시지 생성: 타입=TIME_SYNC_REQUEST(9), 데이터=(없음) (2025-06-22 16:33:30)
[INFO] [Message] [src/message.c:333:message_receive] 메시지 수신 완료: 타입=TIME_SYNC_REQUEST(9), 인자수=1, 데이터길이=0 (2025-06-22 16:33:30)
[INFO] [Message] [src/message.c:75:message_create] 메시지 생성: 타입=TIME_SYNC_RESPONSE(10), 데이터=sync (2025-06-22 16:33:30)
[INFO] [Network] [src/network.c:77:network_send_message] 메시지 전송 시작: 타입=10, 인자수=2, 데이터길이=4 (2025-06-22 16:33:30)
[INFO] [Network] [src/network.c:111:network_send_message] 메시지 전송 완료: 타입=10 (2025-06-22 16:33:30)
[INFO] [Message] [src/message.c:308:message_receive] 메시지 수신 시작: 타입=STATUS_REQUEST(6), 인자수=0 (2025-06-22 16:33:30)
[INFO] [Message] [src/message.c:75:message_create] 메시지 생성: 타입=STATUS_REQUEST(6), 데이터=(없음) (2025-06-22 16:33:30)
[INFO] [Message] [src/message.c:333:message_receive] 메시지 수신 완료: 타입=STATUS_REQUEST(6), 인자수=0, 데이터길이=0 (2025-06-22 16:33:30)
[INFO] [Message] [src/message.c:75:message_create] 메시지 생성: 타입=STATUS_RESPONSE(8), 데이터=(없음) (2025-06-22 16:33:30)
[INFO] [Network] [src/network.c:77:network_send_message] 메시지 전송 시작: 타입=8, 인자수=30, 데이터길이=0 (2025-06-22 16:33:30)
[INFO] [Network] [src/network.c:111:network_send_message] 메시지 전송 완료: 타입=8 (2025-06-22 16:33:30)
[INFO] [Message] [src/message.c:308:message_receive] 메시지 수신 시작: 타입=RESERVE_REQUEST(2), 인자수=2 (2025-06-22 16:33:32)
[INFO] [Message] [src/message.c:75:message_create] 메시지 생성: 타입=RESERVE_REQUEST(2), 데이터=(없음) (2025-06-22 16:33:32)
[INFO] [Message] [src/message.c:333:message_receive] 메시지 수신 완료: 타입=RESERVE_REQUEST(2), 인자수=2, 데이터길이=0 (2025-06-22 16:33:32)
[INFO] [Server] [src/server_main.c:479:server_handle_reserve_request] 예약 요청 수신: 사용자=1, 장비=DEV001, 시간=50초 (2025-06-22 16:33:32)
[INFO] [Server] [src/server_main.c:487:server_handle_reserve_request] 예약 처리 시작: 사용자=1, 장비=DEV001, 시간=50초 (2025-06-22 16:33:32)
[INFO] [Server] [src/server_main.c:336:server_process_device_reservation] 예약 처리 검증 시작: 장비=DEV001, 사용자=1 (2025-06-22 16:33:32)
[INFO] [Server] [src/server_main.c:353:server_process_device_reservation] 예약 생성 시작: 장비=DEV001, 사용자=1, 시간=50초 (2025-06-22 16:33:32)
[INFO] [Reservation] [src/reservation.c:473:reservation_create] 예약 생성 시작: 장비=DEV001, 사용자=1, 시작=1750577612, 종료=1750577662 (2025-06-22 16:33:32)
[INFO] [Reservation] [src/reservation.c:532:reservation_create] 예약 생성 성공: ID=1, 장비=DEV001, 사용자=1, 종료시간=1750577662 (2025-06-22 16:33:32)
[INFO] [TimeWheel] [src/reservation.c:178:time_wheel_add] 타임휠 추가: 예약ID=1, 장비=DEV001, 남은시간=50초, cycle=0, 버킷=58 (2025-06-22 16:33:32)
[INFO] [Server] [src/server_main.c:363:server_process_device_reservation] 예약 생성 성공: 예약ID=1, 장비=DEV001, 사용자=1, 시작=1750577612, 종료=1750577662 (2025-06-22 16:33:32)
[INFO] [Server] [src/server_main.c:365:server_process_device_reservation] 상태 업데이트 브로드캐스트 시작 (2025-06-22 16:33:32)
[INFO] [Server] [src/server_main.c:204:server_broadcast_status_update] 상태 업데이트 브로드캐스트 시작: 연결된 클라이언트 수=1 (2025-06-22 16:33:32)
[INFO] [Message] [src/message.c:75:message_create] 메시지 생성: 타입=STATUS_UPDATE(7), 데이터=(없음) (2025-06-22 16:33:32)
[INFO] [Network] [src/network.c:77:network_send_message] 메시지 전송 시작: 타입=7, 인자수=30, 데이터길이=0 (2025-06-22 16:33:32)
[INFO] [Network] [src/network.c:111:network_send_message] 메시지 전송 완료: 타입=7 (2025-06-22 16:33:32)
[DEBUG] [Server] [src/server_main.c:234:server_broadcast_status_update] 상태 업데이트 전송 성공: 클라이언트=1 (2025-06-22 16:33:32)
[INFO] [Server] [src/server_main.c:242:server_broadcast_status_update] 상태 업데이트 브로드캐스트 완료: 전송된 클라이언트=1/1 (2025-06-22 16:33:32)
[INFO] [Server] [src/server_main.c:367:server_process_device_reservation] 상태 업데이트 브로드캐스트 완료 (2025-06-22 16:33:32)
[INFO] [Message] [src/message.c:75:message_create] 메시지 생성: 타입=RESERVE_RESPONSE(3), 데이터=success (2025-06-22 16:33:32)
[INFO] [Server] [src/server_main.c:380:server_process_device_reservation] 예약 성공 응답 전송: 예약ID=1, 장비=DEV001, 사용자=1 (2025-06-22 16:33:32)
[INFO] [Network] [src/network.c:77:network_send_message] 메시지 전송 시작: 타입=3, 인자수=6, 데이터길이=7 (2025-06-22 16:33:32)
[INFO] [Network] [src/network.c:111:network_send_message] 메시지 전송 완료: 타입=3 (2025-06-22 16:33:32)
[INFO] [Server] [src/server_main.c:387:server_process_device_reservation] 예약 처리 완료: 예약ID=1, 장비=DEV001, 사용자=1 (2025-06-22 16:33:32)
[INFO] [Auth] [src/server_main.c:615:server_cleanup] 사용자 정보 해시 테이블 정리 완료 (2025-06-22 16:33:39)
[INFO] [Network] [src/network.c:290:network_init_ssl_manager] SSL 매니저 초기화 시작: 서버 모드 (2025-06-22 17:39:03)
[INFO] [Network] [src/network.c:305:network_init_ssl_manager] 서버 SSL 컨텍스트 초기화: 인증서=certs/server.crt, 키=certs/server.key (2025-06-22 17:39:03)
[INFO] [Resource] [src/resource.c:148:resource_add_device] 신규 장비 추가 시작: ID=DEV001 (2025-06-22 17:39:03)
[INFO] [Resource] [src/resource.c:148:resource_add_device] 신규 장비 추가 시작: ID=DEV002 (2025-06-22 17:39:03)
[INFO] [Resource] [src/resource.c:148:resource_add_device] 신규 장비 추가 시작: ID=DEV003 (2025-06-22 17:39:03)
[INFO] [Resource] [src/resource.c:148:resource_add_device] 신규 장비 추가 시작: ID=DEV004 (2025-06-22 17:39:03)
[INFO] [Resource] [src/resource.c:148:resource_add_device] 신규 장비 추가 시작: ID=DEV005 (2025-06-22 17:39:03)
[INFO] [Reservation] [src/reservation.c:352:reservation_init_manager] 예약 관리자 초기화 시작 (2025-06-22 17:39:03)
[INFO] [Reservation] [src/reservation.c:391:reservation_init_manager] 예약 관리자 초기화 완료: 타임휠 크기=3600, 정리 스레드 시작 (2025-06-22 17:39:03)
[INFO] [Session] [src/session.c:88:session_init_manager] 세션 매니저 초기화 성공 (2025-06-22 17:39:03)
[INFO] [Auth] [src/server_main.c:718:server_load_users_from_file] 사용자 로드: //아이디 (2025-06-22 17:39:03)
[INFO] [Auth] [src/server_main.c:718:server_load_users_from_file] 사용자 로드: user1 (2025-06-22 17:39:03)
[INFO] [Auth] [src/server_main.c:718:server_load_users_from_file] 사용자 로드: user2 (2025-06-22 17:39:03)
[INFO] [Auth] [src/server_main.c:718:server_load_users_from_file] 사용자 로드: user3 (2025-06-22 17:39:03)
[INFO] [Auth] [src/server_main.c:718:server_load_users_from_file] 사용자 로드: user4 (2025-06-22 17:39:03)
[INFO] [Auth] [src/server_main.c:718:server_load_users_from_file] 사용자 로드: user5 (2025-06-22 17:39:03)
[INFO] [Auth] [src/server_main.c:718:server_load_users_from_file] 사용자 로드: 1 (2025-06-22 17:39:03)
[INFO] [Auth] [src/server_main.c:727:server_load_users_from_file] 사용자 정보 로드 완료: 총 7명 (2025-06-22 17:39:03)
[INFO] [Network] [src/network.c:337:network_init_server_socket] 서버 소켓 초기화 시작: 포트=9000 (2025-06-22 17:39:03)
[INFO] [Network] [src/network.c:538:network_set_socket_options] 소켓 옵션 설정 완료: fd=6, 서버 모드 (2025-06-22 17:39:03)
[INFO] [Network] [src/network.c:356:network_init_server_socket] 서버 소켓 초기화 완료: 포트=9000, 소켓=6 (2025-06-22 17:39:03)
[INFO] [Network] [src/network.c:538:network_set_socket_options] 소켓 옵션 설정 완료: fd=7, 클라이언트 모드 (2025-06-22 17:39:06)
[INFO] [Network] [src/network.c:575:network_accept_client] 클라이언트 연결 수락: IP=127.0.0.1, 소켓=7 (2025-06-22 17:39:06)
[INFO] [Network] [src/network.c:411:network_create_ssl_handler] SSL 핸들러 생성 시작: 서버 모드, 소켓=7 (2025-06-22 17:39:06)
[INFO] [Network] [src/network.c:436:network_create_ssl_handler] SSL 핸들러 생성 완료: 서버 모드, 소켓=7 (2025-06-22 17:39:06)
[INFO] [Network] [src/network.c:391:network_handle_ssl_handshake] SSL 핸드셰이크 시작: 서버 모드, 소켓=7 (2025-06-22 17:39:06)
[INFO] [Network] [src/network.c:402:network_handle_ssl_handshake] SSL 핸드셰이크 성공: 서버 모드, 소켓=7, 프로토콜=TLSv1.3 (2025-06-22 17:39:06)
[INFO] [Network] [src/network.c:586:network_accept_client] 클라이언트 SSL 연결 성공: IP=127.0.0.1, 소켓=7 (2025-06-22 17:39:06)
[INFO] [Message] [src/message.c:308:message_receive] 메시지 수신 시작: 타입=PING(11), 인자수=0 (2025-06-22 17:39:06)
[INFO] [Message] [src/message.c:75:message_create] 메시지 생성: 타입=PING(11), 데이터=(없음) (2025-06-22 17:39:06)
[INFO] [Message] [src/message.c:333:message_receive] 메시지 수신 완료: 타입=PING(11), 인자수=0, 데이터길이=0 (2025-06-22 17:39:06)
[INFO] [Message] [src/message.c:75:message_create] 메시지 생성: 타입=ERROR(14), 데이터=로그인이 필요한 서비스입니다. (2025-06-22 17:39:06)
[INFO] [Network] [src/network.c:77:network_send_message] 메시지 전송 시작: 타입=14, 인자수=0, 데이터길이=42 (2025-06-22 17:39:06)
[INFO] [Network] [src/network.c:111:network_send_message] 메시지 전송 완료: 타입=14 (2025-06-22 17:39:06)
[INFO] [Message] [src/message.c:308:message_receive] 메시지 수신 시작: 타입=LOGIN(0), 인자수=2 (2025-06-22 17:39:52)
[INFO] [Message] [src/message.c:75:message_create] 메시지 생성: 타입=LOGIN(0), 데이터=(없음) (2025-06-22 17:39:52)
[INFO] [Message] [src/message.c:333:message_receive] 메시지 수신 완료: 타입=LOGIN(0), 인자수=2, 데이터길이=0 (2025-06-22 17:39:52)
[INFO] [Auth] [src/server_main.c:417:server_handle_login_request] 로그인 시도: 사용자='user1', IP=127.0.0.1 (2025-06-22 17:39:52)
[INFO] [Auth] [src/server_main.c:401:server_is_user_authenticated] 사용자 인증 성공: user1 (2025-06-22 17:39:52)
[INFO] [Auth] [src/server_main.c:425:server_handle_login_request] 사용자 자격 증명 확인 성공: 'user1' (2025-06-22 17:39:52)
[INFO] [Session] [src/session.c:127:session_create] 세션 생성 시작: 사용자=user1, IP=127.0.0.1, 포트=0 (2025-06-22 17:39:52)
[INFO] [Session] [src/session.c:160:session_create] 세션 정보 설정 완료: 사용자=user1, 토큰=user1_1750581592, 생성시간=1750581592 (2025-06-22 17:39:52)
[INFO] [Session] [src/session.c:170:session_create] 세션 생성 성공: user1 (2025-06-22 17:39:52)
[INFO] [Auth] [src/server_main.c:440:server_handle_login_request] 사용자 'user1'가 IP주소 127.0.0.1 에서 로그인했습니다. (2025-06-22 17:39:52)
[INFO] [Message] [src/message.c:75:message_create] 메시지 생성: 타입=LOGIN(0), 데이터=success (2025-06-22 17:39:52)
[INFO] [Network] [src/network.c:77:network_send_message] 메시지 전송 시작: 타입=0, 인자수=1, 데이터길이=7 (2025-06-22 17:39:52)
[INFO] [Network] [src/network.c:111:network_send_message] 메시지 전송 완료: 타입=0 (2025-06-22 17:39:52)
[INFO] [Message] [src/message.c:308:message_receive] 메시지 수신 시작: 타입=TIME_SYNC_REQUEST(9), 인자수=1 (2025-06-22 17:39:52)
[INFO] [Message] [src/message.c:75:message_create] 메시지 생성: 타입=TIME_SYNC_REQUEST(9), 데이터=(없음) (2025-06-22 17:39:52)
[INFO] [Message] [src/message.c:333:message_receive] 메시지 수신 완료: 타입=TIME_SYNC_REQUEST(9), 인자수=1, 데이터길이=0 (2025-06-22 17:39:52)
[INFO] [Message] [src/message.c:75:message_create] 메시지 생성: 타입=TIME_SYNC_RESPONSE(10), 데이터=sync (2025-06-22 17:39:52)
[INFO] [Network] [src/network.c:77:network_send_message] 메시지 전송 시작: 타입=10, 인자수=2, 데이터길이=4 (2025-06-22 17:39:52)
[INFO] [Network] [src/network.c:111:network_send_message] 메시지 전송 완료: 타입=10 (2025-06-22 17:39:52)
[INFO] [Message] [src/message.c:308:message_receive] 메시지 수신 시작: 타입=LOGOUT(1), 인자수=0 (2025-06-22 17:40:23)
[INFO] [Message] [src/message.c:75:message_create] 메시지 생성: 타입=LOGOUT(1), 데이터=(없음) (2025-06-22 17:40:23)
[INFO] [Message] [src/message.c:333:message_receive] 메시지 수신 완료: 타입=LOGOUT(1), 인자수=0, 데이터길이=0 (2025-06-22 17:40:23)
[INFO] [Server] [src/server_main.c:555:server_handle_client_message] 클라이언트 로그아웃 요청 수신: user1 (2025-06-22 17:40:23)
[INFO] [Session] [src/session.c:191:session_close] 세션 종료 시작: 사용자=user1 (2025-06-22 17:40:23)
[INFO] [Session] [src/session.c:197:session_close] 세션 종료 성공: user1 (2025-06-22 17:40:23)
[INFO] [Message] [src/message.c:75:message_create] 메시지 생성: 타입=LOGOUT(1), 데이터=success (2025-06-22 17:40:23)
[INFO] [Network] [src/network.c:77:network_send_message] 메시지 전송 시작: 타입=1, 인자수=0, 데이터길이=7 (2025-06-22 17:40:23)
[INFO] [Network] [src/network.c:111:network_send_message] 메시지 전송 완료: 타입=1 (2025-06-22 17:40:23)
[INFO] [Message] [src/message.c:308:message_receive] 메시지 수신 시작: 타입=LOGIN(0), 인자수=2 (2025-06-22 17:41:38)
[INFO] [Message] [src/message.c:75:message_create] 메시지 생성: 타입=LOGIN(0), 데이터=(없음) (2025-06-22 17:41:38)
[INFO] [Message] [src/message.c:333:message_receive] 메시지 수신 완료: 타입=LOGIN(0), 인자수=2, 데이터길이=0 (2025-06-22 17:41:38)
[INFO] [Auth] [src/server_main.c:417:server_handle_login_request] 로그인 시도: 사용자='user1', IP=127.0.0.1 (2025-06-22 17:41:38)
[INFO] [Auth] [src/server_main.c:401:server_is_user_authenticated] 사용자 인증 성공: user1 (2025-06-22 17:41:38)
[INFO] [Auth] [src/server_main.c:425:server_handle_login_request] 사용자 자격 증명 확인 성공: 'user1' (2025-06-22 17:41:38)
[INFO] [Session] [src/session.c:127:session_create] 세션 생성 시작: 사용자=user1, IP=127.0.0.1, 포트=0 (2025-06-22 17:41:38)
[INFO] [Session] [src/session.c:160:session_create] 세션 정보 설정 완료: 사용자=user1, 토큰=user1_1750581698, 생성시간=1750581698 (2025-06-22 17:41:38)
[INFO] [Session] [src/session.c:170:session_create] 세션 생성 성공: user1 (2025-06-22 17:41:38)
[INFO] [Auth] [src/server_main.c:440:server_handle_login_request] 사용자 'user1'가 IP주소 127.0.0.1 에서 로그인했습니다. (2025-06-22 17:41:38)
[INFO] [Message] [src/message.c:75:message_create] 메시지 생성: 타입=LOGIN(0), 데이터=success (2025-06-22 17:41:38)
[INFO] [Network] [src/network.c:77:network_send_message] 메시지 전송 시작: 타입=0, 인자수=1, 데이터길이=7 (2025-06-22 17:41:38)
[INFO] [Network] [src/network.c:111:network_send_message] 메시지 전송 완료: 타입=0 (2025-06-22 17:41:38)
[INFO] [Message] [src/message.c:308:message_receive] 메시지 수신 시작: 타입=TIME_SYNC_REQUEST(9), 인자수=1 (2025-06-22 17:41:38)
[INFO] [Message] [src/message.c:75:message_create] 메시지 생성: 타입=TIME_SYNC_REQUEST(9), 데이터=(없음) (2025-06-22 17:41:38)
[INFO] [Message] [src/message.c:333:message_receive] 메시지 수신 완료: 타입=TIME_SYNC_REQUEST(9), 인자수=1, 데이터길이=0 (2025-06-22 17:41:38)
[INFO] [Message] [src/message.c:75:message_create] 메시지 생성: 타입=TIME_SYNC_RESPONSE(10), 데이터=sync (2025-06-22 17:41:38)
[INFO] [Network] [src/network.c:77:network_send_message] 메시지 전송 시작: 타입=10, 인자수=2, 데이터길이=4 (2025-06-22 17:41:38)
[INFO] [Network] [src/network.c:111:network_send_message] 메시지 전송 완료: 타입=10 (2025-06-22 17:41:38)
[INFO] [Network] [src/network.c:538:network_set_socket_options] 소켓 옵션 설정 완료: fd=8, 클라이언트 모드 (2025-06-22 17:41:44)
[INFO] [Network] [src/network.c:575:network_accept_client] 클라이언트 연결 수락: IP=127.0.0.1, 소켓=8 (2025-06-22 17:41:44)
[INFO] [Network] [src/network.c:411:network_create_ssl_handler] SSL 핸들러 생성 시작: 서버 모드, 소켓=8 (2025-06-22 17:41:44)
[INFO] [Network] [src/network.c:436:network_create_ssl_handler] SSL 핸들러 생성 완료: 서버 모드, 소켓=8 (2025-06-22 17:41:44)
[INFO] [Network] [src/network.c:391:network_handle_ssl_handshake] SSL 핸드셰이크 시작: 서버 모드, 소켓=8 (2025-06-22 17:41:44)
[INFO] [Network] [src/network.c:402:network_handle_ssl_handshake] SSL 핸드셰이크 성공: 서버 모드, 소켓=8, 프로토콜=TLSv1.3 (2025-06-22 17:41:44)
[INFO] [Network] [src/network.c:586:network_accept_client] 클라이언트 SSL 연결 성공: IP=127.0.0.1, 소켓=8 (2025-06-22 17:41:44)
[INFO] [Message] [src/message.c:308:message_receive] 메시지 수신 시작: 타입=PING(11), 인자수=0 (2025-06-22 17:41:44)
[INFO] [Message] [src/message.c:75:message_create] 메시지 생성: 타입=PING(11), 데이터=(없음) (2025-06-22 17:41:44)
[INFO] [Message] [src/message.c:333:message_receive] 메시지 수신 완료: 타입=PING(11), 인자수=0, 데이터길이=0 (2025-06-22 17:41:44)
[INFO] [Message] [src/message.c:75:message_create] 메시지 생성: 타입=ERROR(14), 데이터=로그인이 필요한 서비스입니다. (2025-06-22 17:41:44)
[INFO] [Network] [src/network.c:77:network_send_message] 메시지 전송 시작: 타입=14, 인자수=0, 데이터길이=42 (2025-06-22 17:41:44)
[INFO] [Network] [src/network.c:111:network_send_message] 메시지 전송 완료: 타입=14 (2025-06-22 17:41:44)
[INFO] [Message] [src/message.c:308:message_receive] 메시지 수신 시작: 타입=LOGIN(0), 인자수=2 (2025-06-22 17:41:54)
[INFO] [Message] [src/message.c:75:message_create] 메시지 생성: 타입=LOGIN(0), 데이터=(없음) (2025-06-22 17:41:54)
[INFO] [Message] [src/message.c:333:message_receive] 메시지 수신 완료: 타입=LOGIN(0), 인자수=2, 데이터길이=0 (2025-06-22 17:41:54)
[INFO] [Auth] [src/server_main.c:417:server_handle_login_request] 로그인 시도: 사용자='user1', IP=127.0.0.1 (2025-06-22 17:41:54)
[INFO] [Auth] [src/server_main.c:401:server_is_user_authenticated] 사용자 인증 성공: user1 (2025-06-22 17:41:54)
[INFO] [Auth] [src/server_main.c:425:server_handle_login_request] 사용자 자격 증명 확인 성공: 'user1' (2025-06-22 17:41:54)
[INFO] [Session] [src/session.c:127:session_create] 세션 생성 시작: 사용자=user1, IP=127.0.0.1, 포트=0 (2025-06-22 17:41:54)
[INFO] [Message] [src/message.c:75:message_create] 메시지 생성: 타입=ERROR(14), 데이터=이미 로그인된 사용자입니다 (2025-06-22 17:41:54)
[INFO] [Network] [src/network.c:77:network_send_message] 메시지 전송 시작: 타입=14, 인자수=0, 데이터길이=38 (2025-06-22 17:41:54)
[INFO] [Network] [src/network.c:111:network_send_message] 메시지 전송 완료: 타입=14 (2025-06-22 17:41:54)
[INFO] [Message] [src/message.c:308:message_receive] 메시지 수신 시작: 타입=STATUS_REQUEST(6), 인자수=0 (2025-06-22 17:42:24)
[INFO] [Message] [src/message.c:75:message_create] 메시지 생성: 타입=STATUS_REQUEST(6), 데이터=(없음) (2025-06-22 17:42:24)
[INFO] [Message] [src/message.c:333:message_receive] 메시지 수신 완료: 타입=STATUS_REQUEST(6), 인자수=0, 데이터길이=0 (2025-06-22 17:42:24)
[INFO] [Message] [src/message.c:75:message_create] 메시지 생성: 타입=STATUS_RESPONSE(8), 데이터=(없음) (2025-06-22 17:42:24)
[INFO] [Network] [src/network.c:77:network_send_message] 메시지 전송 시작: 타입=8, 인자수=30, 데이터길이=0 (2025-06-22 17:42:24)
[INFO] [Network] [src/network.c:111:network_send_message] 메시지 전송 완료: 타입=8 (2025-06-22 17:42:24)
[INFO] [Message] [src/message.c:308:message_receive] 메시지 수신 시작: 타입=LOGIN(0), 인자수=2 (2025-06-22 17:42:33)
[INFO] [Message] [src/message.c:75:message_create] 메시지 생성: 타입=LOGIN(0), 데이터=(없음) (2025-06-22 17:42:33)
[INFO] [Message] [src/message.c:333:message_receive] 메시지 수신 완료: 타입=LOGIN(0), 인자수=2, 데이터길이=0 (2025-06-22 17:42:33)
[INFO] [Auth] [src/server_main.c:417:server_handle_login_request] 로그인 시도: 사용자='user2', IP=127.0.0.1 (2025-06-22 17:42:33)
[INFO] [Auth] [src/server_main.c:401:server_is_user_authenticated] 사용자 인증 성공: user2 (2025-06-22 17:42:33)
[INFO] [Auth] [src/server_main.c:425:server_handle_login_request] 사용자 자격 증명 확인 성공: 'user2' (2025-06-22 17:42:33)
[INFO] [Session] [src/session.c:127:session_create] 세션 생성 시작: 사용자=user2, IP=127.0.0.1, 포트=0 (2025-06-22 17:42:33)
[INFO] [Session] [src/session.c:160:session_create] 세션 정보 설정 완료: 사용자=user2, 토큰=user2_1750581753, 생성시간=1750581753 (2025-06-22 17:42:33)
[INFO] [Session] [src/session.c:170:session_create] 세션 생성 성공: user2 (2025-06-22 17:42:33)
[INFO] [Auth] [src/server_main.c:440:server_handle_login_request] 사용자 'user2'가 IP주소 127.0.0.1 에서 로그인했습니다. (2025-06-22 17:42:33)
[INFO] [Message] [src/message.c:75:message_create] 메시지 생성: 타입=LOGIN(0), 데이터=success (2025-06-22 17:42:33)
[INFO] [Network] [src/network.c:77:network_send_message] 메시지 전송 시작: 타입=0, 인자수=1, 데이터길이=7 (2025-06-22 17:42:33)
[INFO] [Network] [src/network.c:111:network_send_message] 메시지 전송 완료: 타입=0 (2025-06-22 17:42:33)
[INFO] [Message] [src/message.c:308:message_receive] 메시지 수신 시작: 타입=TIME_SYNC_REQUEST(9), 인자수=1 (2025-06-22 17:42:33)
[INFO] [Message] [src/message.c:75:message_create] 메시지 생성: 타입=TIME_SYNC_REQUEST(9), 데이터=(없음) (2025-06-22 17:42:33)
[INFO] [Message] [src/message.c:333:message_receive] 메시지 수신 완료: 타입=TIME_SYNC_REQUEST(9), 인자수=1, 데이터길이=0 (2025-06-22 17:42:33)
[INFO] [Message] [src/message.c:75:message_create] 메시지 생성: 타입=TIME_SYNC_RESPONSE(10), 데이터=sync (2025-06-22 17:42:33)
[INFO] [Network] [src/network.c:77:network_send_message] 메시지 전송 시작: 타입=10, 인자수=2, 데이터길이=4 (2025-06-22 17:42:33)
[INFO] [Network] [src/network.c:111:network_send_message] 메시지 전송 완료: 타입=10 (2025-06-22 17:42:33)
[INFO] [Message] [src/message.c:308:message_receive] 메시지 수신 시작: 타입=STATUS_REQUEST(6), 인자수=0 (2025-06-22 17:42:35)
[INFO] [Message] [src/message.c:75:message_create] 메시지 생성: 타입=STATUS_REQUEST(6), 데이터=(없음) (2025-06-22 17:42:35)
[INFO] [Message] [src/message.c:333:message_receive] 메시지 수신 완료: 타입=STATUS_REQUEST(6), 인자수=0, 데이터길이=0 (2025-06-22 17:42:35)
[INFO] [Message] [src/message.c:75:message_create] 메시지 생성: 타입=STATUS_RESPONSE(8), 데이터=(없음) (2025-06-22 17:42:35)
[INFO] [Network] [src/network.c:77:network_send_message] 메시지 전송 시작: 타입=8, 인자수=30, 데이터길이=0 (2025-06-22 17:42:35)
[INFO] [Network] [src/network.c:111:network_send_message] 메시지 전송 완료: 타입=8 (2025-06-22 17:42:35)
[INFO] [Network] [src/network.c:538:network_set_socket_options] 소켓 옵션 설정 완료: fd=9, 클라이언트 모드 (2025-06-22 17:42:40)
[INFO] [Network] [src/network.c:575:network_accept_client] 클라이언트 연결 수락: IP=127.0.0.1, 소켓=9 (2025-06-22 17:42:40)
[INFO] [Network] [src/network.c:411:network_create_ssl_handler] SSL 핸들러 생성 시작: 서버 모드, 소켓=9 (2025-06-22 17:42:40)
[INFO] [Network] [src/network.c:436:network_create_ssl_handler] SSL 핸들러 생성 완료: 서버 모드, 소켓=9 (2025-06-22 17:42:40)
[INFO] [Network] [src/network.c:391:network_handle_ssl_handshake] SSL 핸드셰이크 시작: 서버 모드, 소켓=9 (2025-06-22 17:42:40)
[INFO] [Network] [src/network.c:402:network_handle_ssl_handshake] SSL 핸드셰이크 성공: 서버 모드, 소켓=9, 프로토콜=TLSv1.3 (2025-06-22 17:42:40)
[INFO] [Network] [src/network.c:586:network_accept_client] 클라이언트 SSL 연결 성공: IP=127.0.0.1, 소켓=9 (2025-06-22 17:42:40)
[INFO] [Message] [src/message.c:308:message_receive] 메시지 수신 시작: 타입=PING(11), 인자수=0 (2025-06-22 17:42:40)
[INFO] [Message] [src/message.c:75:message_create] 메시지 생성: 타입=PING(11), 데이터=(없음) (2025-06-22 17:42:40)
[INFO] [Message] [src/message.c:333:message_receive] 메시지 수신 완료: 타입=PING(11), 인자수=0, 데이터길이=0 (2025-06-22 17:42:40)
[INFO] [Message] [src/message.c:75:message_create] 메시지 생성: 타입=ERROR(14), 데이터=로그인이 필요한 서비스입니다. (2025-06-22 17:42:40)
[INFO] [Network] [src/network.c:77:network_send_message] 메시지 전송 시작: 타입=14, 인자수=0, 데이터길이=42 (2025-06-22 17:42:40)
[INFO] [Network] [src/network.c:111:network_send_message] 메시지 전송 완료: 타입=14 (2025-06-22 17:42:40)
[INFO] [Message] [src/message.c:308:message_receive] 메시지 수신 시작: 타입=LOGIN(0), 인자수=2 (2025-06-22 17:42:52)
[INFO] [Message] [src/message.c:75:message_create] 메시지 생성: 타입=LOGIN(0), 데이터=(없음) (2025-06-22 17:42:52)
[INFO] [Message] [src/message.c:333:message_receive] 메시지 수신 완료: 타입=LOGIN(0), 인자수=2, 데이터길이=0 (2025-06-22 17:42:52)
[INFO] [Auth] [src/server_main.c:417:server_handle_login_request] 로그인 시도: 사용자='user3', IP=127.0.0.1 (2025-06-22 17:42:52)
[INFO] [Auth] [src/server_main.c:401:server_is_user_authenticated] 사용자 인증 성공: user3 (2025-06-22 17:42:52)
[INFO] [Auth] [src/server_main.c:425:server_handle_login_request] 사용자 자격 증명 확인 성공: 'user3' (2025-06-22 17:42:52)
[INFO] [Session] [src/session.c:127:session_create] 세션 생성 시작: 사용자=user3, IP=127.0.0.1, 포트=0 (2025-06-22 17:42:52)
[INFO] [Session] [src/session.c:160:session_create] 세션 정보 설정 완료: 사용자=user3, 토큰=user3_1750581772, 생성시간=1750581772 (2025-06-22 17:42:52)
[INFO] [Session] [src/session.c:170:session_create] 세션 생성 성공: user3 (2025-06-22 17:42:52)
[INFO] [Auth] [src/server_main.c:440:server_handle_login_request] 사용자 'user3'가 IP주소 127.0.0.1 에서 로그인했습니다. (2025-06-22 17:42:52)
[INFO] [Message] [src/message.c:75:message_create] 메시지 생성: 타입=LOGIN(0), 데이터=success (2025-06-22 17:42:52)
[INFO] [Network] [src/network.c:77:network_send_message] 메시지 전송 시작: 타입=0, 인자수=1, 데이터길이=7 (2025-06-22 17:42:52)
[INFO] [Network] [src/network.c:111:network_send_message] 메시지 전송 완료: 타입=0 (2025-06-22 17:42:52)
[INFO] [Message] [src/message.c:308:message_receive] 메시지 수신 시작: 타입=TIME_SYNC_REQUEST(9), 인자수=1 (2025-06-22 17:42:52)
[INFO] [Message] [src/message.c:75:message_create] 메시지 생성: 타입=TIME_SYNC_REQUEST(9), 데이터=(없음) (2025-06-22 17:42:52)
[INFO] [Message] [src/message.c:333:message_receive] 메시지 수신 완료: 타입=TIME_SYNC_REQUEST(9), 인자수=1, 데이터길이=0 (2025-06-22 17:42:52)
[INFO] [Message] [src/message.c:75:message_create] 메시지 생성: 타입=TIME_SYNC_RESPONSE(10), 데이터=sync (2025-06-22 17:42:52)
[INFO] [Network] [src/network.c:77:network_send_message] 메시지 전송 시작: 타입=10, 인자수=2, 데이터길이=4 (2025-06-22 17:42:52)
[INFO] [Network] [src/network.c:111:network_send_message] 메시지 전송 완료: 타입=10 (2025-06-22 17:42:52)
[INFO] [Message] [src/message.c:308:message_receive] 메시지 수신 시작: 타입=STATUS_REQUEST(6), 인자수=0 (2025-06-22 17:42:55)
[INFO] [Message] [src/message.c:75:message_create] 메시지 생성: 타입=STATUS_REQUEST(6), 데이터=(없음) (2025-06-22 17:42:55)
[INFO] [Message] [src/message.c:333:message_receive] 메시지 수신 완료: 타입=STATUS_REQUEST(6), 인자수=0, 데이터길이=0 (2025-06-22 17:42:55)
[INFO] [Message] [src/message.c:75:message_create] 메시지 생성: 타입=STATUS_RESPONSE(8), 데이터=(없음) (2025-06-22 17:42:55)
[INFO] [Network] [src/network.c:77:network_send_message] 메시지 전송 시작: 타입=8, 인자수=30, 데이터길이=0 (2025-06-22 17:42:55)
[INFO] [Network] [src/network.c:111:network_send_message] 메시지 전송 완료: 타입=8 (2025-06-22 17:42:55)
[INFO] [Message] [src/message.c:308:message_receive] 메시지 수신 시작: 타입=RESERVE_REQUEST(2), 인자수=2 (2025-06-22 17:43:01)
[INFO] [Message] [src/message.c:75:message_create] 메시지 생성: 타입=RESERVE_REQUEST(2), 데이터=(없음) (2025-06-22 17:43:01)
[INFO] [Message] [src/message.c:333:message_receive] 메시지 수신 완료: 타입=RESERVE_REQUEST(2), 인자수=2, 데이터길이=0 (2025-06-22 17:43:01)
[INFO] [Server] [src/server_main.c:479:server_handle_reserve_request] 예약 요청 수신: 사용자=user3, 장비=DEV001, 시간=60초 (2025-06-22 17:43:01)
[INFO] [Server] [src/server_main.c:487:server_handle_reserve_request] 예약 처리 시작: 사용자=user3, 장비=DEV001, 시간=60초 (2025-06-22 17:43:01)
[INFO] [Server] [src/server_main.c:336:server_process_device_reservation] 예약 처리 검증 시작: 장비=DEV001, 사용자=user3 (2025-06-22 17:43:01)
[INFO] [Server] [src/server_main.c:353:server_process_device_reservation] 예약 생성 시작: 장비=DEV001, 사용자=user3, 시간=60초 (2025-06-22 17:43:01)
[INFO] [Reservation] [src/reservation.c:473:reservation_create] 예약 생성 시작: 장비=DEV001, 사용자=user3, 시작=1750581781, 종료=1750581841 (2025-06-22 17:43:01)
[INFO] [Reservation] [src/reservation.c:532:reservation_create] 예약 생성 성공: ID=1, 장비=DEV001, 사용자=user3, 종료시간=1750581841 (2025-06-22 17:43:01)
[INFO] [TimeWheel] [src/reservation.c:178:time_wheel_add] 타임휠 추가: 예약ID=1, 장비=DEV001, 남은시간=60초, cycle=0, 버킷=296 (2025-06-22 17:43:01)
[INFO] [Server] [src/server_main.c:363:server_process_device_reservation] 예약 생성 성공: 예약ID=1, 장비=DEV001, 사용자=user3, 시작=1750581781, 종료=1750581841 (2025-06-22 17:43:01)
[INFO] [Server] [src/server_main.c:365:server_process_device_reservation] 상태 업데이트 브로드캐스트 시작 (2025-06-22 17:43:01)
[INFO] [Server] [src/server_main.c:204:server_broadcast_status_update] 상태 업데이트 브로드캐스트 시작: 연결된 클라이언트 수=3 (2025-06-22 17:43:01)
[INFO] [Message] [src/message.c:75:message_create] 메시지 생성: 타입=STATUS_UPDATE(7), 데이터=(없음) (2025-06-22 17:43:01)
[INFO] [Network] [src/network.c:77:network_send_message] 메시지 전송 시작: 타입=7, 인자수=30, 데이터길이=0 (2025-06-22 17:43:01)
[INFO] [Network] [src/network.c:111:network_send_message] 메시지 전송 완료: 타입=7 (2025-06-22 17:43:01)
[DEBUG] [Server] [src/server_main.c:234:server_broadcast_status_update] 상태 업데이트 전송 성공: 클라이언트=user1 (2025-06-22 17:43:01)
[INFO] [Network] [src/network.c:77:network_send_message] 메시지 전송 시작: 타입=7, 인자수=30, 데이터길이=0 (2025-06-22 17:43:01)
[INFO] [Network] [src/network.c:111:network_send_message] 메시지 전송 완료: 타입=7 (2025-06-22 17:43:01)
[DEBUG] [Server] [src/server_main.c:234:server_broadcast_status_update] 상태 업데이트 전송 성공: 클라이언트=user2 (2025-06-22 17:43:01)
[INFO] [Network] [src/network.c:77:network_send_message] 메시지 전송 시작: 타입=7, 인자수=30, 데이터길이=0 (2025-06-22 17:43:01)
[INFO] [Network] [src/network.c:111:network_send_message] 메시지 전송 완료: 타입=7 (2025-06-22 17:43:01)
[DEBUG] [Server] [src/server_main.c:234:server_broadcast_status_update] 상태 업데이트 전송 성공: 클라이언트=user3 (2025-06-22 17:43:01)
[INFO] [Server] [src/server_main.c:242:server_broadcast_status_update] 상태 업데이트 브로드캐스트 완료: 전송된 클라이언트=3/3 (2025-06-22 17:43:01)
[INFO] [Server] [src/server_main.c:367:server_process_device_reservation] 상태 업데이트 브로드캐스트 완료 (2025-06-22 17:43:01)
[INFO] [Message] [src/message.c:75:message_create] 메시지 생성: 타입=RESERVE_RESPONSE(3), 데이터=success (2025-06-22 17:43:01)
[INFO] [Server] [src/server_main.c:380:server_process_device_reservation] 예약 성공 응답 전송: 예약ID=1, 장비=DEV001, 사용자=user3 (2025-06-22 17:43:01)
[INFO] [Network] [src/network.c:77:network_send_message] 메시지 전송 시작: 타입=3, 인자수=6, 데이터길이=7 (2025-06-22 17:43:01)
[INFO] [Network] [src/network.c:111:network_send_message] 메시지 전송 완료: 타입=3 (2025-06-22 17:43:01)
[INFO] [Server] [src/server_main.c:387:server_process_device_reservation] 예약 처리 완료: 예약ID=1, 장비=DEV001, 사용자=user3 (2025-06-22 17:43:01)
[INFO] [Session] [src/session.c:191:session_close] 세션 종료 시작: 사용자=user1 (2025-06-22 17:43:54)
[INFO] [Session] [src/session.c:197:session_close] 세션 종료 성공: user1 (2025-06-22 17:43:54)
[INFO] [Network] [src/network.c:445:network_cleanup_ssl_handler] SSL 핸들러 정리 시작: 서버 모드, 소켓=7 (2025-06-22 17:43:54)
[INFO] [Network] [src/network.c:453:network_cleanup_ssl_handler] SSL 핸들러 정리 완료 (2025-06-22 17:43:54)
[INFO] [Network] [src/network.c:538:network_set_socket_options] 소켓 옵션 설정 완료: fd=7, 클라이언트 모드 (2025-06-22 17:43:59)
[INFO] [Network] [src/network.c:575:network_accept_client] 클라이언트 연결 수락: IP=127.0.0.1, 소켓=7 (2025-06-22 17:43:59)
[INFO] [Network] [src/network.c:411:network_create_ssl_handler] SSL 핸들러 생성 시작: 서버 모드, 소켓=7 (2025-06-22 17:43:59)
[INFO] [Network] [src/network.c:436:network_create_ssl_handler] SSL 핸들러 생성 완료: 서버 모드, 소켓=7 (2025-06-22 17:43:59)
[INFO] [Network] [src/network.c:391:network_handle_ssl_handshake] SSL 핸드셰이크 시작: 서버 모드, 소켓=7 (2025-06-22 17:43:59)
[INFO] [Network] [src/network.c:402:network_handle_ssl_handshake] SSL 핸드셰이크 성공: 서버 모드, 소켓=7, 프로토콜=TLSv1.3 (2025-06-22 17:43:59)
[INFO] [Network] [src/network.c:586:network_accept_client] 클라이언트 SSL 연결 성공: IP=127.0.0.1, 소켓=7 (2025-06-22 17:43:59)
[INFO] [Message] [src/message.c:308:message_receive] 메시지 수신 시작: 타입=PING(11), 인자수=0 (2025-06-22 17:43:59)
[INFO] [Message] [src/message.c:75:message_create] 메시지 생성: 타입=PING(11), 데이터=(없음) (2025-06-22 17:43:59)
[INFO] [Message] [src/message.c:333:message_receive] 메시지 수신 완료: 타입=PING(11), 인자수=0, 데이터길이=0 (2025-06-22 17:43:59)
[INFO] [Message] [src/message.c:75:message_create] 메시지 생성: 타입=ERROR(14), 데이터=로그인이 필요한 서비스입니다. (2025-06-22 17:43:59)
[INFO] [Network] [src/network.c:77:network_send_message] 메시지 전송 시작: 타입=14, 인자수=0, 데이터길이=42 (2025-06-22 17:43:59)
[INFO] [Network] [src/network.c:111:network_send_message] 메시지 전송 완료: 타입=14 (2025-06-22 17:43:59)
[INFO] [TimeWheel] [src/reservation.c:223:time_wheel_tick] 버킷[296] 처리 시작: 1개 노드, 현재시간: 1750581840 (2025-06-22 17:44:00)
[INFO] [TimeWheel] [src/reservation.c:296:time_wheel_tick] 버킷[296] 처리 완료: 총 1, 만료 0, 재사용 1 (2025-06-22 17:44:00)
[INFO] [TimeWheel] [src/reservation.c:223:time_wheel_tick] 버킷[297] 처리 시작: 1개 노드, 현재시간: 1750581841 (2025-06-22 17:44:01)
[INFO] [TimeWheel] [src/reservation.c:258:time_wheel_tick] 예약 만료 처리: 예약ID=1 (2025-06-22 17:44:01)
[INFO] [TimeWheel] [src/reservation.c:296:time_wheel_tick] 버킷[297] 처리 완료: 총 1, 만료 1, 재사용 0 (2025-06-22 17:44:01)
[INFO] [TimeWheel] [src/reservation.c:301:time_wheel_tick] 상태 변경 감지, 브로드캐스트 콜백 호출 (2025-06-22 17:44:01)
[INFO] [Server] [src/server_main.c:204:server_broadcast_status_update] 상태 업데이트 브로드캐스트 시작: 연결된 클라이언트 수=3 (2025-06-22 17:44:01)
[INFO] [Message] [src/message.c:75:message_create] 메시지 생성: 타입=STATUS_UPDATE(7), 데이터=(없음) (2025-06-22 17:44:01)
[INFO] [Network] [src/network.c:77:network_send_message] 메시지 전송 시작: 타입=7, 인자수=30, 데이터길이=0 (2025-06-22 17:44:01)
[INFO] [Network] [src/network.c:111:network_send_message] 메시지 전송 완료: 타입=7 (2025-06-22 17:44:01)
[DEBUG] [Server] [src/server_main.c:234:server_broadcast_status_update] 상태 업데이트 전송 성공: 클라이언트=user3 (2025-06-22 17:44:01)
[INFO] [Network] [src/network.c:77:network_send_message] 메시지 전송 시작: 타입=7, 인자수=30, 데이터길이=0 (2025-06-22 17:44:01)
[INFO] [Network] [src/network.c:111:network_send_message] 메시지 전송 완료: 타입=7 (2025-06-22 17:44:01)
[DEBUG] [Server] [src/server_main.c:234:server_broadcast_status_update] 상태 업데이트 전송 성공: 클라이언트=user2 (2025-06-22 17:44:01)
[INFO] [Server] [src/server_main.c:242:server_broadcast_status_update] 상태 업데이트 브로드캐스트 완료: 전송된 클라이언트=2/3 (2025-06-22 17:44:01)
[INFO] [Session] [src/session.c:191:session_close] 세션 종료 시작: 사용자=user2 (2025-06-22 17:44:05)
[INFO] [Session] [src/session.c:197:session_close] 세션 종료 성공: user2 (2025-06-22 17:44:05)
[INFO] [Network] [src/network.c:445:network_cleanup_ssl_handler] SSL 핸들러 정리 시작: 서버 모드, 소켓=8 (2025-06-22 17:44:05)
[INFO] [Network] [src/network.c:453:network_cleanup_ssl_handler] SSL 핸들러 정리 완료 (2025-06-22 17:44:05)
[INFO] [Network] [src/network.c:538:network_set_socket_options] 소켓 옵션 설정 완료: fd=8, 클라이언트 모드 (2025-06-22 17:44:10)
[INFO] [Network] [src/network.c:575:network_accept_client] 클라이언트 연결 수락: IP=127.0.0.1, 소켓=8 (2025-06-22 17:44:10)
[INFO] [Network] [src/network.c:411:network_create_ssl_handler] SSL 핸들러 생성 시작: 서버 모드, 소켓=8 (2025-06-22 17:44:10)
[INFO] [Network] [src/network.c:436:network_create_ssl_handler] SSL 핸들러 생성 완료: 서버 모드, 소켓=8 (2025-06-22 17:44:10)
[INFO] [Network] [src/network.c:391:network_handle_ssl_handshake] SSL 핸드셰이크 시작: 서버 모드, 소켓=8 (2025-06-22 17:44:10)
[INFO] [Network] [src/network.c:402:network_handle_ssl_handshake] SSL 핸드셰이크 성공: 서버 모드, 소켓=8, 프로토콜=TLSv1.3 (2025-06-22 17:44:10)
[INFO] [Network] [src/network.c:586:network_accept_client] 클라이언트 SSL 연결 성공: IP=127.0.0.1, 소켓=8 (2025-06-22 17:44:10)
[INFO] [Message] [src/message.c:308:message_receive] 메시지 수신 시작: 타입=PING(11), 인자수=0 (2025-06-22 17:44:10)
[INFO] [Message] [src/message.c:75:message_create] 메시지 생성: 타입=PING(11), 데이터=(없음) (2025-06-22 17:44:10)
[INFO] [Message] [src/message.c:333:message_receive] 메시지 수신 완료: 타입=PING(11), 인자수=0, 데이터길이=0 (2025-06-22 17:44:10)
[INFO] [Message] [src/message.c:75:message_create] 메시지 생성: 타입=ERROR(14), 데이터=로그인이 필요한 서비스입니다. (2025-06-22 17:44:10)
[INFO] [Network] [src/network.c:77:network_send_message] 메시지 전송 시작: 타입=14, 인자수=0, 데이터길이=42 (2025-06-22 17:44:10)
[INFO] [Network] [src/network.c:111:network_send_message] 메시지 전송 완료: 타입=14 (2025-06-22 17:44:10)
[INFO] [Message] [src/message.c:308:message_receive] 메시지 수신 시작: 타입=RESERVE_REQUEST(2), 인자수=2 (2025-06-22 17:44:15)
[INFO] [Message] [src/message.c:75:message_create] 메시지 생성: 타입=RESERVE_REQUEST(2), 데이터=(없음) (2025-06-22 17:44:15)
[INFO] [Message] [src/message.c:333:message_receive] 메시지 수신 완료: 타입=RESERVE_REQUEST(2), 인자수=2, 데이터길이=0 (2025-06-22 17:44:15)
[INFO] [Server] [src/server_main.c:479:server_handle_reserve_request] 예약 요청 수신: 사용자=user3, 장비=DEV004, 시간=60초 (2025-06-22 17:44:15)
[INFO] [Server] [src/server_main.c:487:server_handle_reserve_request] 예약 처리 시작: 사용자=user3, 장비=DEV004, 시간=60초 (2025-06-22 17:44:15)
[INFO] [Server] [src/server_main.c:336:server_process_device_reservation] 예약 처리 검증 시작: 장비=DEV004, 사용자=user3 (2025-06-22 17:44:15)
[INFO] [Server] [src/server_main.c:353:server_process_device_reservation] 예약 생성 시작: 장비=DEV004, 사용자=user3, 시간=60초 (2025-06-22 17:44:15)
[INFO] [Reservation] [src/reservation.c:473:reservation_create] 예약 생성 시작: 장비=DEV004, 사용자=user3, 시작=1750581855, 종료=1750581915 (2025-06-22 17:44:15)
[INFO] [Reservation] [src/reservation.c:532:reservation_create] 예약 생성 성공: ID=2, 장비=DEV004, 사용자=user3, 종료시간=1750581915 (2025-06-22 17:44:15)
[INFO] [TimeWheel] [src/reservation.c:178:time_wheel_add] 타임휠 추가: 예약ID=2, 장비=DEV004, 남은시간=60초, cycle=0, 버킷=371 (2025-06-22 17:44:15)
[INFO] [Server] [src/server_main.c:363:server_process_device_reservation] 예약 생성 성공: 예약ID=2, 장비=DEV004, 사용자=user3, 시작=1750581855, 종료=1750581915 (2025-06-22 17:44:15)
[INFO] [Server] [src/server_main.c:365:server_process_device_reservation] 상태 업데이트 브로드캐스트 시작 (2025-06-22 17:44:15)
[INFO] [Server] [src/server_main.c:204:server_broadcast_status_update] 상태 업데이트 브로드캐스트 시작: 연결된 클라이언트 수=3 (2025-06-22 17:44:15)
[INFO] [Message] [src/message.c:75:message_create] 메시지 생성: 타입=STATUS_UPDATE(7), 데이터=(없음) (2025-06-22 17:44:15)
[INFO] [Network] [src/network.c:77:network_send_message] 메시지 전송 시작: 타입=7, 인자수=30, 데이터길이=0 (2025-06-22 17:44:15)
[INFO] [Network] [src/network.c:111:network_send_message] 메시지 전송 완료: 타입=7 (2025-06-22 17:44:15)
[DEBUG] [Server] [src/server_main.c:234:server_broadcast_status_update] 상태 업데이트 전송 성공: 클라이언트=user3 (2025-06-22 17:44:15)
[INFO] [Server] [src/server_main.c:242:server_broadcast_status_update] 상태 업데이트 브로드캐스트 완료: 전송된 클라이언트=1/3 (2025-06-22 17:44:15)
[INFO] [Server] [src/server_main.c:367:server_process_device_reservation] 상태 업데이트 브로드캐스트 완료 (2025-06-22 17:44:15)
[INFO] [Message] [src/message.c:75:message_create] 메시지 생성: 타입=RESERVE_RESPONSE(3), 데이터=success (2025-06-22 17:44:15)
[INFO] [Server] [src/server_main.c:380:server_process_device_reservation] 예약 성공 응답 전송: 예약ID=2, 장비=DEV004, 사용자=user3 (2025-06-22 17:44:15)
[INFO] [Network] [src/network.c:77:network_send_message] 메시지 전송 시작: 타입=3, 인자수=6, 데이터길이=7 (2025-06-22 17:44:15)
[INFO] [Network] [src/network.c:111:network_send_message] 메시지 전송 완료: 타입=3 (2025-06-22 17:44:15)
[INFO] [Server] [src/server_main.c:387:server_process_device_reservation] 예약 처리 완료: 예약ID=2, 장비=DEV004, 사용자=user3 (2025-06-22 17:44:15)
[INFO] [Message] [src/message.c:308:message_receive] 메시지 수신 시작: 타입=LOGIN(0), 인자수=2 (2025-06-22 17:44:22)
[INFO] [Message] [src/message.c:75:message_create] 메시지 생성: 타입=LOGIN(0), 데이터=(없음) (2025-06-22 17:44:22)
[INFO] [Message] [src/message.c:333:message_receive] 메시지 수신 완료: 타입=LOGIN(0), 인자수=2, 데이터길이=0 (2025-06-22 17:44:22)
[INFO] [Auth] [src/server_main.c:417:server_handle_login_request] 로그인 시도: 사용자='user1', IP=127.0.0.1 (2025-06-22 17:44:22)
[INFO] [Auth] [src/server_main.c:401:server_is_user_authenticated] 사용자 인증 성공: user1 (2025-06-22 17:44:22)
[INFO] [Auth] [src/server_main.c:425:server_handle_login_request] 사용자 자격 증명 확인 성공: 'user1' (2025-06-22 17:44:22)
[INFO] [Session] [src/session.c:127:session_create] 세션 생성 시작: 사용자=user1, IP=127.0.0.1, 포트=0 (2025-06-22 17:44:22)
[INFO] [Session] [src/session.c:160:session_create] 세션 정보 설정 완료: 사용자=user1, 토큰=user1_1750581862, 생성시간=1750581862 (2025-06-22 17:44:22)
[INFO] [Session] [src/session.c:170:session_create] 세션 생성 성공: user1 (2025-06-22 17:44:22)
[INFO] [Auth] [src/server_main.c:440:server_handle_login_request] 사용자 'user1'가 IP주소 127.0.0.1 에서 로그인했습니다. (2025-06-22 17:44:22)
[INFO] [Message] [src/message.c:75:message_create] 메시지 생성: 타입=LOGIN(0), 데이터=success (2025-06-22 17:44:22)
[INFO] [Network] [src/network.c:77:network_send_message] 메시지 전송 시작: 타입=0, 인자수=1, 데이터길이=7 (2025-06-22 17:44:22)
[INFO] [Network] [src/network.c:111:network_send_message] 메시지 전송 완료: 타입=0 (2025-06-22 17:44:22)
[INFO] [Message] [src/message.c:308:message_receive] 메시지 수신 시작: 타입=TIME_SYNC_REQUEST(9), 인자수=1 (2025-06-22 17:44:22)
[INFO] [Message] [src/message.c:75:message_create] 메시지 생성: 타입=TIME_SYNC_REQUEST(9), 데이터=(없음) (2025-06-22 17:44:22)
[INFO] [Message] [src/message.c:333:message_receive] 메시지 수신 완료: 타입=TIME_SYNC_REQUEST(9), 인자수=1, 데이터길이=0 (2025-06-22 17:44:22)
[INFO] [Message] [src/message.c:75:message_create] 메시지 생성: 타입=TIME_SYNC_RESPONSE(10), 데이터=sync (2025-06-22 17:44:22)
[INFO] [Network] [src/network.c:77:network_send_message] 메시지 전송 시작: 타입=10, 인자수=2, 데이터길이=4 (2025-06-22 17:44:22)
[INFO] [Network] [src/network.c:111:network_send_message] 메시지 전송 완료: 타입=10 (2025-06-22 17:44:22)
[INFO] [Message] [src/message.c:308:message_receive] 메시지 수신 시작: 타입=STATUS_REQUEST(6), 인자수=0 (2025-06-22 17:44:23)
[INFO] [Message] [src/message.c:75:message_create] 메시지 생성: 타입=STATUS_REQUEST(6), 데이터=(없음) (2025-06-22 17:44:23)
[INFO] [Message] [src/message.c:333:message_receive] 메시지 수신 완료: 타입=STATUS_REQUEST(6), 인자수=0, 데이터길이=0 (2025-06-22 17:44:23)
[INFO] [Message] [src/message.c:75:message_create] 메시지 생성: 타입=STATUS_RESPONSE(8), 데이터=(없음) (2025-06-22 17:44:23)
[INFO] [Network] [src/network.c:77:network_send_message] 메시지 전송 시작: 타입=8, 인자수=30, 데이터길이=0 (2025-06-22 17:44:23)
[INFO] [Network] [src/network.c:111:network_send_message] 메시지 전송 완료: 타입=8 (2025-06-22 17:44:23)
[INFO] [TimeWheel] [src/reservation.c:223:time_wheel_tick] 버킷[371] 처리 시작: 1개 노드, 현재시간: 1750581915 (2025-06-22 17:45:15)
[INFO] [TimeWheel] [src/reservation.c:258:time_wheel_tick] 예약 만료 처리: 예약ID=2 (2025-06-22 17:45:15)
[INFO] [TimeWheel] [src/reservation.c:296:time_wheel_tick] 버킷[371] 처리 완료: 총 1, 만료 1, 재사용 0 (2025-06-22 17:45:15)
[INFO] [TimeWheel] [src/reservation.c:301:time_wheel_tick] 상태 변경 감지, 브로드캐스트 콜백 호출 (2025-06-22 17:45:15)
[INFO] [Server] [src/server_main.c:204:server_broadcast_status_update] 상태 업데이트 브로드캐스트 시작: 연결된 클라이언트 수=3 (2025-06-22 17:45:15)
[INFO] [Message] [src/message.c:75:message_create] 메시지 생성: 타입=STATUS_UPDATE(7), 데이터=(없음) (2025-06-22 17:45:15)
[INFO] [Network] [src/network.c:77:network_send_message] 메시지 전송 시작: 타입=7, 인자수=30, 데이터길이=0 (2025-06-22 17:45:15)
[INFO] [Network] [src/network.c:111:network_send_message] 메시지 전송 완료: 타입=7 (2025-06-22 17:45:15)
[DEBUG] [Server] [src/server_main.c:234:server_broadcast_status_update] 상태 업데이트 전송 성공: 클라이언트=user3 (2025-06-22 17:45:15)
[INFO] [Network] [src/network.c:77:network_send_message] 메시지 전송 시작: 타입=7, 인자수=30, 데이터길이=0 (2025-06-22 17:45:15)
[INFO] [Network] [src/network.c:111:network_send_message] 메시지 전송 완료: 타입=7 (2025-06-22 17:45:15)
[DEBUG] [Server] [src/server_main.c:234:server_broadcast_status_update] 상태 업데이트 전송 성공: 클라이언트=user1 (2025-06-22 17:45:15)
[INFO] [Server] [src/server_main.c:242:server_broadcast_status_update] 상태 업데이트 브로드캐스트 완료: 전송된 클라이언트=2/3 (2025-06-22 17:45:15)
[INFO] [Network] [src/network.c:445:network_cleanup_ssl_handler] SSL 핸들러 정리 시작: 서버 모드, 소켓=7 (2025-06-22 17:45:29)
[INFO] [Network] [src/network.c:453:network_cleanup_ssl_handler] SSL 핸들러 정리 완료 (2025-06-22 17:45:29)
[INFO] [Session] [src/session.c:191:session_close] 세션 종료 시작: 사용자=user3 (2025-06-22 17:45:45)
[INFO] [Session] [src/session.c:197:session_close] 세션 종료 성공: user3 (2025-06-22 17:45:45)
[INFO] [Network] [src/network.c:445:network_cleanup_ssl_handler] SSL 핸들러 정리 시작: 서버 모드, 소켓=9 (2025-06-22 17:45:45)
[INFO] [Network] [src/network.c:453:network_cleanup_ssl_handler] SSL 핸들러 정리 완료 (2025-06-22 17:45:45)
[INFO] [Session] [src/session.c:191:session_close] 세션 종료 시작: 사용자=user1 (2025-06-22 17:45:53)
[INFO] [Session] [src/session.c:197:session_close] 세션 종료 성공: user1 (2025-06-22 17:45:53)
[INFO] [Network] [src/network.c:445:network_cleanup_ssl_handler] SSL 핸들러 정리 시작: 서버 모드, 소켓=8 (2025-06-22 17:45:53)
[INFO] [Network] [src/network.c:453:network_cleanup_ssl_handler] SSL 핸들러 정리 완료 (2025-06-22 17:45:53)
[INFO] [Network] [src/network.c:538:network_set_socket_options] 소켓 옵션 설정 완료: fd=7, 클라이언트 모드 (2025-06-22 17:53:01)
[INFO] [Network] [src/network.c:575:network_accept_client] 클라이언트 연결 수락: IP=127.0.0.1, 소켓=7 (2025-06-22 17:53:01)
[INFO] [Network] [src/network.c:411:network_create_ssl_handler] SSL 핸들러 생성 시작: 서버 모드, 소켓=7 (2025-06-22 17:53:01)
[INFO] [Network] [src/network.c:436:network_create_ssl_handler] SSL 핸들러 생성 완료: 서버 모드, 소켓=7 (2025-06-22 17:53:01)
[INFO] [Network] [src/network.c:391:network_handle_ssl_handshake] SSL 핸드셰이크 시작: 서버 모드, 소켓=7 (2025-06-22 17:53:01)
[INFO] [Network] [src/network.c:402:network_handle_ssl_handshake] SSL 핸드셰이크 성공: 서버 모드, 소켓=7, 프로토콜=TLSv1.3 (2025-06-22 17:53:01)
[INFO] [Network] [src/network.c:586:network_accept_client] 클라이언트 SSL 연결 성공: IP=127.0.0.1, 소켓=7 (2025-06-22 17:53:01)
[INFO] [Message] [src/message.c:308:message_receive] 메시지 수신 시작: 타입=PING(11), 인자수=0 (2025-06-22 17:53:01)
[INFO] [Message] [src/message.c:75:message_create] 메시지 생성: 타입=PING(11), 데이터=(없음) (2025-06-22 17:53:01)
[INFO] [Message] [src/message.c:333:message_receive] 메시지 수신 완료: 타입=PING(11), 인자수=0, 데이터길이=0 (2025-06-22 17:53:01)
[INFO] [Message] [src/message.c:75:message_create] 메시지 생성: 타입=ERROR(14), 데이터=로그인이 필요한 서비스입니다. (2025-06-22 17:53:01)
[INFO] [Network] [src/network.c:77:network_send_message] 메시지 전송 시작: 타입=14, 인자수=0, 데이터길이=42 (2025-06-22 17:53:01)
[INFO] [Network] [src/network.c:111:network_send_message] 메시지 전송 완료: 타입=14 (2025-06-22 17:53:01)
[INFO] [Auth] [src/server_main.c:615:server_cleanup] 사용자 정보 해시 테이블 정리 완료 (2025-06-22 17:53:04)
[INFO] [Network] [src/network.c:290:network_init_ssl_manager] SSL 매니저 초기화 시작: 서버 모드 (2025-06-22 18:21:21)
[INFO] [Network] [src/network.c:305:network_init_ssl_manager] 서버 SSL 컨텍스트 초기화: 인증서=certs/server.crt, 키=certs/server.key (2025-06-22 18:21:21)
[INFO] [Resource] [src/resource.c:148:resource_add_device] 신규 장비 추가 시작: ID=DEV001 (2025-06-22 18:21:21)
[INFO] [Resource] [src/resource.c:148:resource_add_device] 신규 장비 추가 시작: ID=DEV002 (2025-06-22 18:21:21)
[INFO] [Resource] [src/resource.c:148:resource_add_device] 신규 장비 추가 시작: ID=DEV003 (2025-06-22 18:21:21)
[INFO] [Resource] [src/resource.c:148:resource_add_device] 신규 장비 추가 시작: ID=DEV004 (2025-06-22 18:21:21)
[INFO] [Resource] [src/resource.c:148:resource_add_device] 신규 장비 추가 시작: ID=DEV005 (2025-06-22 18:21:21)
[INFO] [Reservation] [src/reservation.c:352:reservation_init_manager] 예약 관리자 초기화 시작 (2025-06-22 18:21:21)
[INFO] [Reservation] [src/reservation.c:391:reservation_init_manager] 예약 관리자 초기화 완료: 타임휠 크기=3600, 정리 스레드 시작 (2025-06-22 18:21:21)
[INFO] [Session] [src/session.c:88:session_init_manager] 세션 매니저 초기화 성공 (2025-06-22 18:21:21)
[INFO] [Auth] [src/server_main.c:718:server_load_users_from_file] 사용자 로드: //아이디 (2025-06-22 18:21:21)
[INFO] [Auth] [src/server_main.c:718:server_load_users_from_file] 사용자 로드: user1 (2025-06-22 18:21:21)
[INFO] [Auth] [src/server_main.c:718:server_load_users_from_file] 사용자 로드: user2 (2025-06-22 18:21:21)
[INFO] [Auth] [src/server_main.c:718:server_load_users_from_file] 사용자 로드: user3 (2025-06-22 18:21:21)
[INFO] [Auth] [src/server_main.c:718:server_load_users_from_file] 사용자 로드: user4 (2025-06-22 18:21:21)
[INFO] [Auth] [src/server_main.c:718:server_load_users_from_file] 사용자 로드: user5 (2025-06-22 18:21:21)
[INFO] [Auth] [src/server_main.c:718:server_load_users_from_file] 사용자 로드: 1 (2025-06-22 18:21:21)
[INFO] [Auth] [src/server_main.c:727:server_load_users_from_file] 사용자 정보 로드 완료: 총 7명 (2025-06-22 18:21:21)
[INFO] [Network] [src/network.c:337:network_init_server_socket] 서버 소켓 초기화 시작: 포트=9000 (2025-06-22 18:21:21)
[INFO] [Network] [src/network.c:538:network_set_socket_options] 소켓 옵션 설정 완료: fd=6, 서버 모드 (2025-06-22 18:21:21)
[INFO] [Network] [src/network.c:356:network_init_server_socket] 서버 소켓 초기화 완료: 포트=9000, 소켓=6 (2025-06-22 18:21:21)
[INFO] [Auth] [src/server_main.c:615:server_cleanup] 사용자 정보 해시 테이블 정리 완료 (2025-06-22 18:28:14)
[INFO] [Network] [src/network.c:290:network_init_ssl_manager] SSL 매니저 초기화 시작: 서버 모드 (2025-06-22 18:28:18)
[INFO] [Network] [src/network.c:305:network_init_ssl_manager] 서버 SSL 컨텍스트 초기화: 인증서=certs/server.crt, 키=certs/server.key (2025-06-22 18:28:18)
[INFO] [Resource] [src/resource.c:148:resource_add_device] 신규 장비 추가 시작: ID=DEV001 (2025-06-22 18:28:18)
[INFO] [Resource] [src/resource.c:148:resource_add_device] 신규 장비 추가 시작: ID=DEV002 (2025-06-22 18:28:18)
[INFO] [Resource] [src/resource.c:148:resource_add_device] 신규 장비 추가 시작: ID=DEV003 (2025-06-22 18:28:18)
[INFO] [Resource] [src/resource.c:148:resource_add_device] 신규 장비 추가 시작: ID=DEV004 (2025-06-22 18:28:18)
[INFO] [Resource] [src/resource.c:148:resource_add_device] 신규 장비 추가 시작: ID=DEV005 (2025-06-22 18:28:18)
[INFO] [Reservation] [src/reservation.c:352:reservation_init_manager] 예약 관리자 초기화 시작 (2025-06-22 18:28:18)
[INFO] [Reservation] [src/reservation.c:391:reservation_init_manager] 예약 관리자 초기화 완료: 타임휠 크기=3600, 정리 스레드 시작 (2025-06-22 18:28:18)
[INFO] [Session] [src/session.c:88:session_init_manager] 세션 매니저 초기화 성공 (2025-06-22 18:28:18)
[INFO] [Auth] [src/server_main.c:737:server_load_users_from_file] 사용자 로드: //아이디 (2025-06-22 18:28:18)
[INFO] [Auth] [src/server_main.c:737:server_load_users_from_file] 사용자 로드: user1 (2025-06-22 18:28:18)
[INFO] [Auth] [src/server_main.c:737:server_load_users_from_file] 사용자 로드: user2 (2025-06-22 18:28:18)
[INFO] [Auth] [src/server_main.c:737:server_load_users_from_file] 사용자 로드: user3 (2025-06-22 18:28:18)
[INFO] [Auth] [src/server_main.c:737:server_load_users_from_file] 사용자 로드: user4 (2025-06-22 18:28:18)
[INFO] [Auth] [src/server_main.c:737:server_load_users_from_file] 사용자 로드: user5 (2025-06-22 18:28:18)
[INFO] [Auth] [src/server_main.c:737:server_load_users_from_file] 사용자 로드: 1 (2025-06-22 18:28:18)
[INFO] [Auth] [src/server_main.c:746:server_load_users_from_file] 사용자 정보 로드 완료: 총 7명 (2025-06-22 18:28:18)
[INFO] [Network] [src/network.c:337:network_init_server_socket] 서버 소켓 초기화 시작: 포트=9000 (2025-06-22 18:28:18)
[INFO] [Network] [src/network.c:538:network_set_socket_options] 소켓 옵션 설정 완료: fd=6, 서버 모드 (2025-06-22 18:28:18)
[INFO] [Network] [src/network.c:356:network_init_server_socket] 서버 소켓 초기화 완료: 포트=9000, 소켓=6 (2025-06-22 18:28:18)
[INFO] [Network] [src/network.c:538:network_set_socket_options] 소켓 옵션 설정 완료: fd=7, 클라이언트 모드 (2025-06-22 18:28:20)
[INFO] [Network] [src/network.c:575:network_accept_client] 클라이언트 연결 수락: IP=127.0.0.1, 소켓=7 (2025-06-22 18:28:20)
[INFO] [Network] [src/network.c:411:network_create_ssl_handler] SSL 핸들러 생성 시작: 서버 모드, 소켓=7 (2025-06-22 18:28:20)
[INFO] [Network] [src/network.c:436:network_create_ssl_handler] SSL 핸들러 생성 완료: 서버 모드, 소켓=7 (2025-06-22 18:28:20)
[INFO] [Network] [src/network.c:391:network_handle_ssl_handshake] SSL 핸드셰이크 시작: 서버 모드, 소켓=7 (2025-06-22 18:28:20)
[INFO] [Network] [src/network.c:402:network_handle_ssl_handshake] SSL 핸드셰이크 성공: 서버 모드, 소켓=7, 프로토콜=TLSv1.3 (2025-06-22 18:28:20)
[INFO] [Network] [src/network.c:586:network_accept_client] 클라이언트 SSL 연결 성공: IP=127.0.0.1, 소켓=7 (2025-06-22 18:28:20)
[INFO] [Message] [src/message.c:308:message_receive] 메시지 수신 시작: 타입=PING(11), 인자수=0 (2025-06-22 18:28:20)
[INFO] [Message] [src/message.c:75:message_create] 메시지 생성: 타입=PING(11), 데이터=(없음) (2025-06-22 18:28:20)
[INFO] [Message] [src/message.c:333:message_receive] 메시지 수신 완료: 타입=PING(11), 인자수=0, 데이터길이=0 (2025-06-22 18:28:20)
[INFO] [Message] [src/message.c:75:message_create] 메시지 생성: 타입=ERROR(14), 데이터=로그인이 필요한 서비스입니다. (2025-06-22 18:28:20)
[INFO] [Network] [src/network.c:77:network_send_message] 메시지 전송 시작: 타입=14, 인자수=0, 데이터길이=42 (2025-06-22 18:28:20)
[INFO] [Network] [src/network.c:111:network_send_message] 메시지 전송 완료: 타입=14 (2025-06-22 18:28:20)
[INFO] [Message] [src/message.c:308:message_receive] 메시지 수신 시작: 타입=LOGIN(0), 인자수=2 (2025-06-22 18:28:26)
[INFO] [Message] [src/message.c:75:message_create] 메시지 생성: 타입=LOGIN(0), 데이터=(없음) (2025-06-22 18:28:26)
[INFO] [Message] [src/message.c:333:message_receive] 메시지 수신 완료: 타입=LOGIN(0), 인자수=2, 데이터길이=0 (2025-06-22 18:28:26)
[INFO] [Auth] [src/server_main.c:425:server_handle_login_request] 로그인 시도: 사용자='1', IP=127.0.0.1 (2025-06-22 18:28:26)
[INFO] [Auth] [src/server_main.c:408:server_is_user_authenticated] 사용자 인증 성공: 1 (2025-06-22 18:28:26)
[INFO] [Auth] [src/server_main.c:434:server_handle_login_request] 사용자 자격 증명 확인 성공: '1' (2025-06-22 18:28:26)
[INFO] [Session] [src/session.c:127:session_create] 세션 생성 시작: 사용자=1, IP=127.0.0.1, 포트=0 (2025-06-22 18:28:26)
[INFO] [Session] [src/session.c:160:session_create] 세션 정보 설정 완료: 사용자=1, 토큰=1_1750584506, 생성시간=1750584506 (2025-06-22 18:28:26)
[INFO] [Session] [src/session.c:170:session_create] 세션 생성 성공: 1 (2025-06-22 18:28:26)
[INFO] [Auth] [src/server_main.c:450:server_handle_login_request] 사용자 '1'가 IP주소 127.0.0.1 에서 로그인했습니다. (2025-06-22 18:28:26)
[INFO] [Message] [src/message.c:75:message_create] 메시지 생성: 타입=LOGIN(0), 데이터=success (2025-06-22 18:28:26)
[INFO] [Network] [src/network.c:77:network_send_message] 메시지 전송 시작: 타입=0, 인자수=1, 데이터길이=7 (2025-06-22 18:28:26)
[INFO] [Network] [src/network.c:111:network_send_message] 메시지 전송 완료: 타입=0 (2025-06-22 18:28:26)
[INFO] [Message] [src/message.c:308:message_receive] 메시지 수신 시작: 타입=TIME_SYNC_REQUEST(9), 인자수=1 (2025-06-22 18:28:26)
[INFO] [Message] [src/message.c:75:message_create] 메시지 생성: 타입=TIME_SYNC_REQUEST(9), 데이터=(없음) (2025-06-22 18:28:26)
[INFO] [Message] [src/message.c:333:message_receive] 메시지 수신 완료: 타입=TIME_SYNC_REQUEST(9), 인자수=1, 데이터길이=0 (2025-06-22 18:28:26)
[INFO] [Message] [src/message.c:75:message_create] 메시지 생성: 타입=TIME_SYNC_RESPONSE(10), 데이터=sync (2025-06-22 18:28:26)
[INFO] [Network] [src/network.c:77:network_send_message] 메시지 전송 시작: 타입=10, 인자수=2, 데이터길이=4 (2025-06-22 18:28:26)
[INFO] [Network] [src/network.c:111:network_send_message] 메시지 전송 완료: 타입=10 (2025-06-22 18:28:26)
[INFO] [Message] [src/message.c:308:message_receive] 메시지 수신 시작: 타입=STATUS_REQUEST(6), 인자수=0 (2025-06-22 18:28:30)
[INFO] [Message] [src/message.c:75:message_create] 메시지 생성: 타입=STATUS_REQUEST(6), 데이터=(없음) (2025-06-22 18:28:30)
[INFO] [Message] [src/message.c:333:message_receive] 메시지 수신 완료: 타입=STATUS_REQUEST(6), 인자수=0, 데이터길이=0 (2025-06-22 18:28:30)
[INFO] [Message] [src/message.c:75:message_create] 메시지 생성: 타입=STATUS_RESPONSE(8), 데이터=(없음) (2025-06-22 18:28:30)
[INFO] [Network] [src/network.c:77:network_send_message] 메시지 전송 시작: 타입=8, 인자수=30, 데이터길이=0 (2025-06-22 18:28:30)
[INFO] [Network] [src/network.c:111:network_send_message] 메시지 전송 완료: 타입=8 (2025-06-22 18:28:30)
[INFO] [Message] [src/message.c:308:message_receive] 메시지 수신 시작: 타입=RESERVE_REQUEST(2), 인자수=2 (2025-06-22 18:28:38)
[INFO] [Message] [src/message.c:75:message_create] 메시지 생성: 타입=RESERVE_REQUEST(2), 데이터=(없음) (2025-06-22 18:28:38)
[INFO] [Message] [src/message.c:333:message_receive] 메시지 수신 완료: 타입=RESERVE_REQUEST(2), 인자수=2, 데이터길이=0 (2025-06-22 18:28:38)
[INFO] [Server] [src/server_main.c:491:server_handle_reserve_request] 예약 요청 수신: 사용자=1, 장비=DEV001, 시간=5초 (2025-06-22 18:28:38)
[INFO] [Server] [src/server_main.c:500:server_handle_reserve_request] 예약 처리 시작: 사용자=1, 장비=DEV001, 시간=5초 (2025-06-22 18:28:38)
[INFO] [Server] [src/server_main.c:340:server_process_device_reservation] 예약 처리 검증 시작: 장비=DEV001, 사용자=1 (2025-06-22 18:28:38)
[INFO] [Server] [src/server_main.c:359:server_process_device_reservation] 예약 생성 시작: 장비=DEV001, 사용자=1, 시간=5초 (2025-06-22 18:28:38)
[INFO] [Reservation] [src/reservation.c:473:reservation_create] 예약 생성 시작: 장비=DEV001, 사용자=1, 시작=1750584518, 종료=1750584523 (2025-06-22 18:28:38)
[INFO] [Reservation] [src/reservation.c:532:reservation_create] 예약 생성 성공: ID=1, 장비=DEV001, 사용자=1, 종료시간=1750584523 (2025-06-22 18:28:38)
[INFO] [TimeWheel] [src/reservation.c:178:time_wheel_add] 타임휠 추가: 예약ID=1, 장비=DEV001, 남은시간=5초, cycle=0, 버킷=25 (2025-06-22 18:28:38)
[INFO] [Server] [src/server_main.c:370:server_process_device_reservation] 예약 생성 성공: 예약ID=1, 장비=DEV001, 사용자=1, 시작=1750584518, 종료=1750584523 (2025-06-22 18:28:38)
[INFO] [Server] [src/server_main.c:372:server_process_device_reservation] 상태 업데이트 브로드캐스트 시작 (2025-06-22 18:28:38)
[INFO] [Server] [src/server_main.c:204:server_broadcast_status_update] 상태 업데이트 브로드캐스트 시작: 연결된 클라이언트 수=1 (2025-06-22 18:28:38)
[INFO] [Message] [src/message.c:75:message_create] 메시지 생성: 타입=STATUS_UPDATE(7), 데이터=(없음) (2025-06-22 18:28:38)
[INFO] [Network] [src/network.c:77:network_send_message] 메시지 전송 시작: 타입=7, 인자수=30, 데이터길이=0 (2025-06-22 18:28:38)
[INFO] [Network] [src/network.c:111:network_send_message] 메시지 전송 완료: 타입=7 (2025-06-22 18:28:38)
[DEBUG] [Server] [src/server_main.c:234:server_broadcast_status_update] 상태 업데이트 전송 성공: 클라이언트=1 (2025-06-22 18:28:38)
[INFO] [Server] [src/server_main.c:242:server_broadcast_status_update] 상태 업데이트 브로드캐스트 완료: 전송된 클라이언트=1/1 (2025-06-22 18:28:38)
[INFO] [Server] [src/server_main.c:374:server_process_device_reservation] 상태 업데이트 브로드캐스트 완료 (2025-06-22 18:28:38)
[INFO] [Message] [src/message.c:75:message_create] 메시지 생성: 타입=RESERVE_RESPONSE(3), 데이터=success (2025-06-22 18:28:38)
[INFO] [Server] [src/server_main.c:387:server_process_device_reservation] 예약 성공 응답 전송: 예약ID=1, 장비=DEV001, 사용자=1 (2025-06-22 18:28:38)
[INFO] [Network] [src/network.c:77:network_send_message] 메시지 전송 시작: 타입=3, 인자수=6, 데이터길이=7 (2025-06-22 18:28:38)
[INFO] [Network] [src/network.c:111:network_send_message] 메시지 전송 완료: 타입=3 (2025-06-22 18:28:38)
[INFO] [Server] [src/server_main.c:394:server_process_device_reservation] 예약 처리 완료: 예약ID=1, 장비=DEV001, 사용자=1 (2025-06-22 18:28:38)
[INFO] [TimeWheel] [src/reservation.c:223:time_wheel_tick] 버킷[25] 처리 시작: 1개 노드, 현재시간: 1750584523 (2025-06-22 18:28:43)
[INFO] [TimeWheel] [src/reservation.c:258:time_wheel_tick] 예약 만료 처리: 예약ID=1 (2025-06-22 18:28:43)
[INFO] [TimeWheel] [src/reservation.c:296:time_wheel_tick] 버킷[25] 처리 완료: 총 1, 만료 1, 재사용 0 (2025-06-22 18:28:43)
[INFO] [TimeWheel] [src/reservation.c:301:time_wheel_tick] 상태 변경 감지, 브로드캐스트 콜백 호출 (2025-06-22 18:28:43)
[INFO] [Server] [src/server_main.c:204:server_broadcast_status_update] 상태 업데이트 브로드캐스트 시작: 연결된 클라이언트 수=1 (2025-06-22 18:28:43)
[INFO] [Message] [src/message.c:75:message_create] 메시지 생성: 타입=STATUS_UPDATE(7), 데이터=(없음) (2025-06-22 18:28:43)
[INFO] [Network] [src/network.c:77:network_send_message] 메시지 전송 시작: 타입=7, 인자수=30, 데이터길이=0 (2025-06-22 18:28:43)
[INFO] [Network] [src/network.c:111:network_send_message] 메시지 전송 완료: 타입=7 (2025-06-22 18:28:43)
[DEBUG] [Server] [src/server_main.c:234:server_broadcast_status_update] 상태 업데이트 전송 성공: 클라이언트=1 (2025-06-22 18:28:43)
[INFO] [Server] [src/server_main.c:242:server_broadcast_status_update] 상태 업데이트 브로드캐스트 완료: 전송된 클라이언트=1/1 (2025-06-22 18:28:43)
[INFO] [Network] [src/network.c:538:network_set_socket_options] 소켓 옵션 설정 완료: fd=8, 클라이언트 모드 (2025-06-22 18:29:03)
[INFO] [Network] [src/network.c:575:network_accept_client] 클라이언트 연결 수락: IP=127.0.0.1, 소켓=8 (2025-06-22 18:29:03)
[INFO] [Network] [src/network.c:411:network_create_ssl_handler] SSL 핸들러 생성 시작: 서버 모드, 소켓=8 (2025-06-22 18:29:03)
[INFO] [Network] [src/network.c:436:network_create_ssl_handler] SSL 핸들러 생성 완료: 서버 모드, 소켓=8 (2025-06-22 18:29:03)
[INFO] [Network] [src/network.c:391:network_handle_ssl_handshake] SSL 핸드셰이크 시작: 서버 모드, 소켓=8 (2025-06-22 18:29:03)
[INFO] [Network] [src/network.c:402:network_handle_ssl_handshake] SSL 핸드셰이크 성공: 서버 모드, 소켓=8, 프로토콜=TLSv1.3 (2025-06-22 18:29:03)
[INFO] [Network] [src/network.c:586:network_accept_client] 클라이언트 SSL 연결 성공: IP=127.0.0.1, 소켓=8 (2025-06-22 18:29:03)
[INFO] [Message] [src/message.c:308:message_receive] 메시지 수신 시작: 타입=PING(11), 인자수=0 (2025-06-22 18:29:03)
[INFO] [Message] [src/message.c:75:message_create] 메시지 생성: 타입=PING(11), 데이터=(없음) (2025-06-22 18:29:03)
[INFO] [Message] [src/message.c:333:message_receive] 메시지 수신 완료: 타입=PING(11), 인자수=0, 데이터길이=0 (2025-06-22 18:29:03)
[INFO] [Message] [src/message.c:75:message_create] 메시지 생성: 타입=ERROR(14), 데이터=로그인이 필요한 서비스입니다. (2025-06-22 18:29:03)
[INFO] [Network] [src/network.c:77:network_send_message] 메시지 전송 시작: 타입=14, 인자수=0, 데이터길이=42 (2025-06-22 18:29:03)
[INFO] [Network] [src/network.c:111:network_send_message] 메시지 전송 완료: 타입=14 (2025-06-22 18:29:03)
[INFO] [Message] [src/message.c:308:message_receive] 메시지 수신 시작: 타입=LOGIN(0), 인자수=2 (2025-06-22 18:29:05)
[INFO] [Message] [src/message.c:75:message_create] 메시지 생성: 타입=LOGIN(0), 데이터=(없음) (2025-06-22 18:29:05)
[INFO] [Message] [src/message.c:333:message_receive] 메시지 수신 완료: 타입=LOGIN(0), 인자수=2, 데이터길이=0 (2025-06-22 18:29:05)
[INFO] [Auth] [src/server_main.c:425:server_handle_login_request] 로그인 시도: 사용자='1', IP=127.0.0.1 (2025-06-22 18:29:05)
[INFO] [Auth] [src/server_main.c:408:server_is_user_authenticated] 사용자 인증 성공: 1 (2025-06-22 18:29:05)
[INFO] [Auth] [src/server_main.c:434:server_handle_login_request] 사용자 자격 증명 확인 성공: '1' (2025-06-22 18:29:05)
[INFO] [Session] [src/session.c:127:session_create] 세션 생성 시작: 사용자=1, IP=127.0.0.1, 포트=0 (2025-06-22 18:29:05)
[INFO] [Message] [src/message.c:75:message_create] 메시지 생성: 타입=ERROR(14), 데이터=이미 로그인된 사용자입니다 (2025-06-22 18:29:05)
[INFO] [Network] [src/network.c:77:network_send_message] 메시지 전송 시작: 타입=14, 인자수=0, 데이터길이=38 (2025-06-22 18:29:05)
[INFO] [Network] [src/network.c:111:network_send_message] 메시지 전송 완료: 타입=14 (2025-06-22 18:29:05)
[INFO] [Network] [src/network.c:445:network_cleanup_ssl_handler] SSL 핸들러 정리 시작: 서버 모드, 소켓=8 (2025-06-22 18:29:13)
[INFO] [Network] [src/network.c:453:network_cleanup_ssl_handler] SSL 핸들러 정리 완료 (2025-06-22 18:29:13)
[INFO] [Network] [src/network.c:538:network_set_socket_options] 소켓 옵션 설정 완료: fd=8, 클라이언트 모드 (2025-06-22 18:29:19)
[INFO] [Network] [src/network.c:575:network_accept_client] 클라이언트 연결 수락: IP=127.0.0.1, 소켓=8 (2025-06-22 18:29:19)
[INFO] [Network] [src/network.c:411:network_create_ssl_handler] SSL 핸들러 생성 시작: 서버 모드, 소켓=8 (2025-06-22 18:29:19)
[INFO] [Network] [src/network.c:436:network_create_ssl_handler] SSL 핸들러 생성 완료: 서버 모드, 소켓=8 (2025-06-22 18:29:19)
[INFO] [Network] [src/network.c:391:network_handle_ssl_handshake] SSL 핸드셰이크 시작: 서버 모드, 소켓=8 (2025-06-22 18:29:19)
[INFO] [Network] [src/network.c:402:network_handle_ssl_handshake] SSL 핸드셰이크 성공: 서버 모드, 소켓=8, 프로토콜=TLSv1.3 (2025-06-22 18:29:19)
[INFO] [Network] [src/network.c:586:network_accept_client] 클라이언트 SSL 연결 성공: IP=127.0.0.1, 소켓=8 (2025-06-22 18:29:19)
[INFO] [Message] [src/message.c:308:message_receive] 메시지 수신 시작: 타입=PING(11), 인자수=0 (2025-06-22 18:29:19)
[INFO] [Message] [src/message.c:75:message_create] 메시지 생성: 타입=PING(11), 데이터=(없음) (2025-06-22 18:29:19)
[INFO] [Message] [src/message.c:333:message_receive] 메시지 수신 완료: 타입=PING(11), 인자수=0, 데이터길이=0 (2025-06-22 18:29:19)
[INFO] [Message] [src/message.c:75:message_create] 메시지 생성: 타입=ERROR(14), 데이터=로그인이 필요한 서비스입니다. (2025-06-22 18:29:19)
[INFO] [Network] [src/network.c:77:network_send_message] 메시지 전송 시작: 타입=14, 인자수=0, 데이터길이=42 (2025-06-22 18:29:19)
[INFO] [Network] [src/network.c:111:network_send_message] 메시지 전송 완료: 타입=14 (2025-06-22 18:29:19)
[INFO] [Message] [src/message.c:308:message_receive] 메시지 수신 시작: 타입=LOGIN(0), 인자수=2 (2025-06-22 18:29:22)
[INFO] [Message] [src/message.c:75:message_create] 메시지 생성: 타입=LOGIN(0), 데이터=(없음) (2025-06-22 18:29:22)
[INFO] [Message] [src/message.c:333:message_receive] 메시지 수신 완료: 타입=LOGIN(0), 인자수=2, 데이터길이=0 (2025-06-22 18:29:22)
[INFO] [Auth] [src/server_main.c:425:server_handle_login_request] 로그인 시도: 사용자='1', IP=127.0.0.1 (2025-06-22 18:29:22)
[INFO] [Auth] [src/server_main.c:408:server_is_user_authenticated] 사용자 인증 성공: 1 (2025-06-22 18:29:22)
[INFO] [Auth] [src/server_main.c:434:server_handle_login_request] 사용자 자격 증명 확인 성공: '1' (2025-06-22 18:29:22)
[INFO] [Session] [src/session.c:127:session_create] 세션 생성 시작: 사용자=1, IP=127.0.0.1, 포트=0 (2025-06-22 18:29:22)
[INFO] [Message] [src/message.c:75:message_create] 메시지 생성: 타입=ERROR(14), 데이터=이미 로그인된 사용자입니다 (2025-06-22 18:29:22)
[INFO] [Network] [src/network.c:77:network_send_message] 메시지 전송 시작: 타입=14, 인자수=0, 데이터길이=38 (2025-06-22 18:29:22)
[INFO] [Network] [src/network.c:111:network_send_message] 메시지 전송 완료: 타입=14 (2025-06-22 18:29:22)
[INFO] [Message] [src/message.c:308:message_receive] 메시지 수신 시작: 타입=LOGIN(0), 인자수=2 (2025-06-22 18:29:31)
[INFO] [Message] [src/message.c:75:message_create] 메시지 생성: 타입=LOGIN(0), 데이터=(없음) (2025-06-22 18:29:31)
[INFO] [Message] [src/message.c:333:message_receive] 메시지 수신 완료: 타입=LOGIN(0), 인자수=2, 데이터길이=0 (2025-06-22 18:29:31)
[INFO] [Auth] [src/server_main.c:425:server_handle_login_request] 로그인 시도: 사용자='user1', IP=127.0.0.1 (2025-06-22 18:29:31)
[INFO] [Auth] [src/server_main.c:408:server_is_user_authenticated] 사용자 인증 성공: user1 (2025-06-22 18:29:31)
[INFO] [Auth] [src/server_main.c:434:server_handle_login_request] 사용자 자격 증명 확인 성공: 'user1' (2025-06-22 18:29:31)
[INFO] [Session] [src/session.c:127:session_create] 세션 생성 시작: 사용자=user1, IP=127.0.0.1, 포트=0 (2025-06-22 18:29:31)
[INFO] [Session] [src/session.c:160:session_create] 세션 정보 설정 완료: 사용자=user1, 토큰=user1_1750584571, 생성시간=1750584571 (2025-06-22 18:29:31)
[INFO] [Session] [src/session.c:170:session_create] 세션 생성 성공: user1 (2025-06-22 18:29:31)
[INFO] [Auth] [src/server_main.c:450:server_handle_login_request] 사용자 'user1'가 IP주소 127.0.0.1 에서 로그인했습니다. (2025-06-22 18:29:31)
[INFO] [Message] [src/message.c:75:message_create] 메시지 생성: 타입=LOGIN(0), 데이터=success (2025-06-22 18:29:31)
[INFO] [Network] [src/network.c:77:network_send_message] 메시지 전송 시작: 타입=0, 인자수=1, 데이터길이=7 (2025-06-22 18:29:31)
[INFO] [Network] [src/network.c:111:network_send_message] 메시지 전송 완료: 타입=0 (2025-06-22 18:29:31)
[INFO] [Message] [src/message.c:308:message_receive] 메시지 수신 시작: 타입=TIME_SYNC_REQUEST(9), 인자수=1 (2025-06-22 18:29:31)
[INFO] [Message] [src/message.c:75:message_create] 메시지 생성: 타입=TIME_SYNC_REQUEST(9), 데이터=(없음) (2025-06-22 18:29:31)
[INFO] [Message] [src/message.c:333:message_receive] 메시지 수신 완료: 타입=TIME_SYNC_REQUEST(9), 인자수=1, 데이터길이=0 (2025-06-22 18:29:31)
[INFO] [Message] [src/message.c:75:message_create] 메시지 생성: 타입=TIME_SYNC_RESPONSE(10), 데이터=sync (2025-06-22 18:29:31)
[INFO] [Network] [src/network.c:77:network_send_message] 메시지 전송 시작: 타입=10, 인자수=2, 데이터길이=4 (2025-06-22 18:29:31)
[INFO] [Network] [src/network.c:111:network_send_message] 메시지 전송 완료: 타입=10 (2025-06-22 18:29:31)
[INFO] [Message] [src/message.c:308:message_receive] 메시지 수신 시작: 타입=STATUS_REQUEST(6), 인자수=0 (2025-06-22 18:29:34)
[INFO] [Message] [src/message.c:75:message_create] 메시지 생성: 타입=STATUS_REQUEST(6), 데이터=(없음) (2025-06-22 18:29:34)
[INFO] [Message] [src/message.c:333:message_receive] 메시지 수신 완료: 타입=STATUS_REQUEST(6), 인자수=0, 데이터길이=0 (2025-06-22 18:29:34)
[INFO] [Message] [src/message.c:75:message_create] 메시지 생성: 타입=STATUS_RESPONSE(8), 데이터=(없음) (2025-06-22 18:29:34)
[INFO] [Network] [src/network.c:77:network_send_message] 메시지 전송 시작: 타입=8, 인자수=30, 데이터길이=0 (2025-06-22 18:29:34)
[INFO] [Network] [src/network.c:111:network_send_message] 메시지 전송 완료: 타입=8 (2025-06-22 18:29:34)
[INFO] [Message] [src/message.c:308:message_receive] 메시지 수신 시작: 타입=RESERVE_REQUEST(2), 인자수=2 (2025-06-22 18:29:36)
[INFO] [Message] [src/message.c:75:message_create] 메시지 생성: 타입=RESERVE_REQUEST(2), 데이터=(없음) (2025-06-22 18:29:36)
[INFO] [Message] [src/message.c:333:message_receive] 메시지 수신 완료: 타입=RESERVE_REQUEST(2), 인자수=2, 데이터길이=0 (2025-06-22 18:29:36)
[INFO] [Server] [src/server_main.c:491:server_handle_reserve_request] 예약 요청 수신: 사용자=user1, 장비=DEV001, 시간=60초 (2025-06-22 18:29:36)
[INFO] [Server] [src/server_main.c:500:server_handle_reserve_request] 예약 처리 시작: 사용자=user1, 장비=DEV001, 시간=60초 (2025-06-22 18:29:36)
[INFO] [Server] [src/server_main.c:340:server_process_device_reservation] 예약 처리 검증 시작: 장비=DEV001, 사용자=user1 (2025-06-22 18:29:36)
[INFO] [Server] [src/server_main.c:359:server_process_device_reservation] 예약 생성 시작: 장비=DEV001, 사용자=user1, 시간=60초 (2025-06-22 18:29:36)
[INFO] [Reservation] [src/reservation.c:473:reservation_create] 예약 생성 시작: 장비=DEV001, 사용자=user1, 시작=1750584576, 종료=1750584636 (2025-06-22 18:29:36)
[INFO] [Reservation] [src/reservation.c:532:reservation_create] 예약 생성 성공: ID=2, 장비=DEV001, 사용자=user1, 종료시간=1750584636 (2025-06-22 18:29:36)
[INFO] [TimeWheel] [src/reservation.c:178:time_wheel_add] 타임휠 추가: 예약ID=2, 장비=DEV001, 남은시간=60초, cycle=0, 버킷=137 (2025-06-22 18:29:36)
[INFO] [Server] [src/server_main.c:370:server_process_device_reservation] 예약 생성 성공: 예약ID=2, 장비=DEV001, 사용자=user1, 시작=1750584576, 종료=1750584636 (2025-06-22 18:29:36)
[INFO] [Server] [src/server_main.c:372:server_process_device_reservation] 상태 업데이트 브로드캐스트 시작 (2025-06-22 18:29:36)
[INFO] [Server] [src/server_main.c:204:server_broadcast_status_update] 상태 업데이트 브로드캐스트 시작: 연결된 클라이언트 수=2 (2025-06-22 18:29:36)
[INFO] [Message] [src/message.c:75:message_create] 메시지 생성: 타입=STATUS_UPDATE(7), 데이터=(없음) (2025-06-22 18:29:36)
[INFO] [Network] [src/network.c:77:network_send_message] 메시지 전송 시작: 타입=7, 인자수=30, 데이터길이=0 (2025-06-22 18:29:36)
[INFO] [Network] [src/network.c:111:network_send_message] 메시지 전송 완료: 타입=7 (2025-06-22 18:29:36)
[DEBUG] [Server] [src/server_main.c:234:server_broadcast_status_update] 상태 업데이트 전송 성공: 클라이언트=1 (2025-06-22 18:29:36)
[INFO] [Network] [src/network.c:77:network_send_message] 메시지 전송 시작: 타입=7, 인자수=30, 데이터길이=0 (2025-06-22 18:29:36)
[INFO] [Network] [src/network.c:111:network_send_message] 메시지 전송 완료: 타입=7 (2025-06-22 18:29:36)
[DEBUG] [Server] [src/server_main.c:234:server_broadcast_status_update] 상태 업데이트 전송 성공: 클라이언트=user1 (2025-06-22 18:29:36)
[INFO] [Server] [src/server_main.c:242:server_broadcast_status_update] 상태 업데이트 브로드캐스트 완료: 전송된 클라이언트=2/2 (2025-06-22 18:29:36)
[INFO] [Server] [src/server_main.c:374:server_process_device_reservation] 상태 업데이트 브로드캐스트 완료 (2025-06-22 18:29:36)
[INFO] [Message] [src/message.c:75:message_create] 메시지 생성: 타입=RESERVE_RESPONSE(3), 데이터=success (2025-06-22 18:29:36)
[INFO] [Server] [src/server_main.c:387:server_process_device_reservation] 예약 성공 응답 전송: 예약ID=2, 장비=DEV001, 사용자=user1 (2025-06-22 18:29:36)
[INFO] [Network] [src/network.c:77:network_send_message] 메시지 전송 시작: 타입=3, 인자수=6, 데이터길이=7 (2025-06-22 18:29:36)
[INFO] [Network] [src/network.c:111:network_send_message] 메시지 전송 완료: 타입=3 (2025-06-22 18:29:36)
[INFO] [Server] [src/server_main.c:394:server_process_device_reservation] 예약 처리 완료: 예약ID=2, 장비=DEV001, 사용자=user1 (2025-06-22 18:29:36)
[INFO] [Auth] [src/server_main.c:634:server_cleanup] 사용자 정보 해시 테이블 정리 완료 (2025-06-22 18:30:10)
